Using pre-set license
Built from '2020.2/staging' branch; Version is '2020.2.0b14 (dc0b50340a64) revision 14420816'; Using compiler version '192528614'; Build Type 'Release'
OS: 'Windows 10  (10.0.0) 64bit' Language: 'en' Physical Memory: 32600 MB
BatchMode: 1, IsHumanControllingUs: 0, StartBugReporterOnCrash: 0, Is64bit: 1, IsPro: 0

 COMMAND LINE ARGUMENTS:
C:\Program Files\Unity\Hub\Editor\2020.2.0b14\Editor\Unity.exe
-adb2
-batchMode
-noUpm
-name
AssetImportWorker0
-projectPath
C:/Users/chokj/Documents/GitHub/dvrk-VR-Cam-Control/unity-dvrk-VR
-logFile
Logs/AssetImportWorker0.log
-srvPort
49756
Successfully changed project path to: C:/Users/chokj/Documents/GitHub/dvrk-VR-Cam-Control/unity-dvrk-VR
C:/Users/chokj/Documents/GitHub/dvrk-VR-Cam-Control/unity-dvrk-VR
Using Asset Import Pipeline V2.
Refreshing native plugins compatible for Editor in 82.53 ms, found 7 plugins.
Preloading 1 native plugins for Editor in 1.20 ms.
Initialize engine version: 2020.2.0b14 (dc0b50340a64)
[Subsystems] Discovering subsystems at path C:/Program Files/Unity/Hub/Editor/2020.2.0b14/Editor/Data/Resources/UnitySubsystems
[Subsystems] Discovering subsystems at path C:/Users/chokj/Documents/GitHub/dvrk-VR-Cam-Control/unity-dvrk-VR/Assets
GfxDevice: creating device client; threaded=0
Direct3D:
    Version:  Direct3D 11.0 [level 11.1]
    Renderer: NVIDIA GeForce RTX 2070 Super (ID=0x1e91)
    Vendor:   
    VRAM:     8011 MB
    Driver:   27.21.14.6172
Shader 'Oculus/OVRMRCameraFrameLit': fallback shader 'Alpha-Diffuse' not found
Initialize mono
Mono path[0] = 'C:/Program Files/Unity/Hub/Editor/2020.2.0b14/Editor/Data/Managed'
Mono path[1] = 'C:/Program Files/Unity/Hub/Editor/2020.2.0b14/Editor/Data/MonoBleedingEdge/lib/mono/unityjit'
Mono config path = 'C:/Program Files/Unity/Hub/Editor/2020.2.0b14/Editor/Data/MonoBleedingEdge/etc'
Using monoOptions --debugger-agent=transport=dt_socket,embedding=1,server=y,suspend=n,address=127.0.0.1:56388
Begin MonoManager ReloadAssembly
Registering precompiled unity dll's ...
Register platform support module: C:/Program Files/Unity/Hub/Editor/2020.2.0b14/Editor/Data/PlaybackEngines/WindowsStandaloneSupport/UnityEditor.WindowsStandalone.Extensions.dll
Registered in 0.001753 seconds.
Native extension for WindowsStandalone target not found
Refreshing native plugins compatible for Editor in 59.52 ms, found 7 plugins.
Preloading 1 native plugins for Editor in 0.07 ms.
Invoked RoslynAnalysisRunner static constructor.
RoslynAnalysisRunner will not be running.
RoslynAnalysisRunner has terminated.
Mono: successfully reloaded assembly
- Completed reload, in  2.069 seconds
Platform modules already initialized, skipping
Registering precompiled user dll's ...
Registered in 0.008543 seconds.
Begin MonoManager ReloadAssembly
Native extension for WindowsStandalone target not found
Refreshing native plugins compatible for Editor in 70.69 ms, found 7 plugins.
Preloading 1 native plugins for Editor in 0.07 ms.
Invoked RoslynAnalysisRunner static constructor.
RoslynAnalysisRunner will not be running.
RoslynAnalysisRunner has terminated.
[XR] OculusXRPlugin: registering subsystems
[XR] Unable to register display lifecyle provider: [1]
[XR] Oculus Input lifecycle provider registered.
[XR] Unable to register input lifecyle provider: [1]
[XR] OVRP version 1.52.1
Mono: successfully reloaded assembly
- Completed reload, in  1.015 seconds
Platform modules already initialized, skipping
========================================================================
Worker process is ready to serve import requests
Shader 'Oculus/OVRMRCameraFrameLit': fallback shader 'Alpha-Diffuse' not found
Launched and connected shader compiler UnityShaderCompiler.exe after 0.06 seconds
Refreshing native plugins compatible for Editor in 0.87 ms, found 7 plugins.
Preloading 1 native plugins for Editor in 0.07 ms.
Unloading 2371 Unused Serialized files (Serialized files now loaded: 0)
System memory in use before: 108.4 MB.
System memory in use after: 108.6 MB.

Unloading 56 unused Assets to reduce memory usage. Loaded Objects now: 2823.
Total: 2.580100 ms (FindLiveObjects: 0.425200 ms CreateObjectMapping: 0.172100 ms MarkObjects: 1.906200 ms  DeleteObjects: 0.075700 ms)

========================================================================
Received Import Request.
  path: Assets/dvrk/Meshes/psm/Materials/tool_wrist_caudier_link_1.-No Name.mat
  artifactKey: Guid(9f6b2e608ccd1384e87b51bd2cb89356) Importer(815301076,1909f56bfc062723c751e8b465ee728b)
Start importing Assets/dvrk/Meshes/psm/Materials/tool_wrist_caudier_link_1.-No Name.mat using Guid(9f6b2e608ccd1384e87b51bd2cb89356) Importer(815301076,1909f56bfc062723c751e8b465ee728b)  -> (artifact id: 'b6b9196157d50d9276cf8fc7f64e662b') in 0.098206 seconds
  Import took 0.102126 seconds .

========================================================================
Received Import Request.
  Time since last request: 0.000357 seconds.
  path: Assets/dvrk/Meshes/psm/Materials/tool_wrist_sca_link-SWMaterial-0.mat
  artifactKey: Guid(8314d59f7a9be1f42b34fed065509f6b) Importer(815301076,1909f56bfc062723c751e8b465ee728b)
Start importing Assets/dvrk/Meshes/psm/Materials/tool_wrist_sca_link-SWMaterial-0.mat using Guid(8314d59f7a9be1f42b34fed065509f6b) Importer(815301076,1909f56bfc062723c751e8b465ee728b)  -> (artifact id: '83c51afd2417d2f68abde0b9a203daa3') in 0.008275 seconds
  Import took 0.012123 seconds .

========================================================================
Received Import Request.
  Time since last request: 0.000511 seconds.
  path: Assets/Oculus/SampleFramework/Usage/OVROverlay/Materials/Tile_Mat_CinemaText.mat
  artifactKey: Guid(a637033578b1e584f9d9f4d5255d5998) Importer(815301076,1909f56bfc062723c751e8b465ee728b)
Start importing Assets/Oculus/SampleFramework/Usage/OVROverlay/Materials/Tile_Mat_CinemaText.mat using Guid(a637033578b1e584f9d9f4d5255d5998) Importer(815301076,1909f56bfc062723c751e8b465ee728b)  -> (artifact id: '053e30d7f260b65025b1693bc7c745ba') in 0.026079 seconds
  Import took 0.030051 seconds .

========================================================================
Received Import Request.
  Time since last request: 0.000353 seconds.
  path: Assets/Oculus/SampleFramework/Usage/HandsTrainExample/Materials/WindmillMaterial.mat
  artifactKey: Guid(4f0bb7c7f0bfb2943bdce5930449225e) Importer(815301076,1909f56bfc062723c751e8b465ee728b)
Start importing Assets/Oculus/SampleFramework/Usage/HandsTrainExample/Materials/WindmillMaterial.mat using Guid(4f0bb7c7f0bfb2943bdce5930449225e) Importer(815301076,1909f56bfc062723c751e8b465ee728b)  -> (artifact id: '87c8d4635168e636cc4731ebd719b3a8') in 0.043979 seconds
  Import took 0.048240 seconds .

========================================================================
Received Import Request.
  Time since last request: 0.000394 seconds.
  path: Assets/dvrk/Meshes/psm/Materials/tool_wrist_caudier_link_2-No Name.mat
  artifactKey: Guid(950707bf274924548a82f2a5098e5b1e) Importer(815301076,1909f56bfc062723c751e8b465ee728b)
Start importing Assets/dvrk/Meshes/psm/Materials/tool_wrist_caudier_link_2-No Name.mat using Guid(950707bf274924548a82f2a5098e5b1e) Importer(815301076,1909f56bfc062723c751e8b465ee728b)  -> (artifact id: '719abeaa7f13aeec78ffeb6ea941ded3') in 0.009768 seconds
  Import took 0.014445 seconds .

========================================================================
Received Import Request.
  Time since last request: 0.000325 seconds.
  path: Assets/dvrk/Meshes/psm/Materials/tool_wrist_sca_shaft_link-SWMaterial-0.mat
  artifactKey: Guid(8332d33e373f52341a384fae31d85dce) Importer(815301076,1909f56bfc062723c751e8b465ee728b)
Start importing Assets/dvrk/Meshes/psm/Materials/tool_wrist_sca_shaft_link-SWMaterial-0.mat using Guid(8332d33e373f52341a384fae31d85dce) Importer(815301076,1909f56bfc062723c751e8b465ee728b)  -> (artifact id: 'ba25b0172a90dc4b9b6b963ad46ef014') in 0.009664 seconds
  Import took 0.014789 seconds .

========================================================================
Received Import Request.
  Time since last request: 0.000336 seconds.
  path: Assets/dvrk/Meshes/psm/Materials/tool_main-SWMaterial-2.mat
  artifactKey: Guid(73afd98083a6aca448ebc66d5ff087e0) Importer(815301076,1909f56bfc062723c751e8b465ee728b)
Start importing Assets/dvrk/Meshes/psm/Materials/tool_main-SWMaterial-2.mat using Guid(73afd98083a6aca448ebc66d5ff087e0) Importer(815301076,1909f56bfc062723c751e8b465ee728b)  -> (artifact id: '505f03a33a2021a3bb5d7d1aa976cfa6') in 0.009074 seconds
  Import took 0.013853 seconds .

========================================================================
Received Import Request.
  Time since last request: 0.000611 seconds.
  path: Assets/dvrk/Meshes/psm/Materials/tool_wrist_caudier_link_1_shaft-No Name.mat
  artifactKey: Guid(85ded8a0c88d9cb4baf16aa5920ce936) Importer(815301076,1909f56bfc062723c751e8b465ee728b)
Start importing Assets/dvrk/Meshes/psm/Materials/tool_wrist_caudier_link_1_shaft-No Name.mat using Guid(85ded8a0c88d9cb4baf16aa5920ce936) Importer(815301076,1909f56bfc062723c751e8b465ee728b)  -> (artifact id: 'bfaa2ae674b4f4b03a9a5245b87916fa') in 0.011696 seconds
  Import took 0.016326 seconds .

========================================================================
Received Import Request.
  Time since last request: 0.000243 seconds.
  path: Assets/dvrk/Meshes/psm/Materials/tool_main-SWMaterial-1.mat
  artifactKey: Guid(b15349cbaaee33d42af89ad7e9b2808c) Importer(815301076,1909f56bfc062723c751e8b465ee728b)
Start importing Assets/dvrk/Meshes/psm/Materials/tool_main-SWMaterial-1.mat using Guid(b15349cbaaee33d42af89ad7e9b2808c) Importer(815301076,1909f56bfc062723c751e8b465ee728b)  -> (artifact id: '3268fc8133c8c87d21a0e5fbcea84d16') in 0.010517 seconds
  Import took 0.015095 seconds .

========================================================================
Received Import Request.
  Time since last request: 0.000534 seconds.
  path: Assets/Oculus/SampleFramework/Usage/OVROverlay/Materials/Tile_Mat_Lost.mat
  artifactKey: Guid(91e0b34c2b2f4e044921cd8113d0d663) Importer(815301076,1909f56bfc062723c751e8b465ee728b)
Start importing Assets/Oculus/SampleFramework/Usage/OVROverlay/Materials/Tile_Mat_Lost.mat using Guid(91e0b34c2b2f4e044921cd8113d0d663) Importer(815301076,1909f56bfc062723c751e8b465ee728b)  -> (artifact id: '1f7bad290f060024037d0d1e3a59f85b') in 0.013572 seconds
  Import took 0.018909 seconds .

========================================================================
Received Import Request.
  Time since last request: 0.000349 seconds.
  path: Assets/dvrk/Meshes/psm/Materials/tool_adapter-SWMaterial-0.mat
  artifactKey: Guid(f08c6836f0f34d74b852d90a4dfe2ea6) Importer(815301076,1909f56bfc062723c751e8b465ee728b)
Start importing Assets/dvrk/Meshes/psm/Materials/tool_adapter-SWMaterial-0.mat using Guid(f08c6836f0f34d74b852d90a4dfe2ea6) Importer(815301076,1909f56bfc062723c751e8b465ee728b)  -> (artifact id: 'f78459a3db4b5aa5927128b15b945ff2') in 0.009619 seconds
  Import took 0.015147 seconds .

========================================================================
Received Import Request.
  Time since last request: 0.000272 seconds.
  path: Assets/Oculus/SampleFramework/Usage/DistanceGrab/Materials/ToyBallWithOutline.mat
  artifactKey: Guid(beb3a042b07e94503947a8f63d10c46e) Importer(815301076,1909f56bfc062723c751e8b465ee728b)
Start importing Assets/Oculus/SampleFramework/Usage/DistanceGrab/Materials/ToyBallWithOutline.mat using Guid(beb3a042b07e94503947a8f63d10c46e) Importer(815301076,1909f56bfc062723c751e8b465ee728b)  -> (artifact id: '8da5582eea7ed6273c3279c5e6b0963d') in 0.011775 seconds
  Import took 0.016252 seconds .

========================================================================
Received Import Request.
  Time since last request: 0.000340 seconds.
  path: Assets/Oculus/SampleFramework/Usage/OVROverlay/Materials/Tile_Mat_360Photo.mat
  artifactKey: Guid(8388a76b6d38060498be3f057adc62fb) Importer(815301076,1909f56bfc062723c751e8b465ee728b)
Start importing Assets/Oculus/SampleFramework/Usage/OVROverlay/Materials/Tile_Mat_360Photo.mat using Guid(8388a76b6d38060498be3f057adc62fb) Importer(815301076,1909f56bfc062723c751e8b465ee728b)  -> (artifact id: 'fb0de433b0e113911ca1f8e4b6c2f522') in 0.020379 seconds
  Import took 0.024462 seconds .

========================================================================
Received Import Request.
  Time since last request: 0.000336 seconds.
  path: Assets/Oculus/SampleFramework/Usage/Locomotion/Materials/TriPlanarWorld.mat
  artifactKey: Guid(6551c660b2c93764687b704adf6cb1dc) Importer(815301076,1909f56bfc062723c751e8b465ee728b)
Start importing Assets/Oculus/SampleFramework/Usage/Locomotion/Materials/TriPlanarWorld.mat using Guid(6551c660b2c93764687b704adf6cb1dc) Importer(815301076,1909f56bfc062723c751e8b465ee728b)  -> (artifact id: 'ee4fc23cf77668c28e1dc408ba172062') in 0.228149 seconds
  Import took 0.233331 seconds .

========================================================================
Received Import Request.
  Time since last request: 0.000275 seconds.
  path: Assets/Oculus/SampleFramework/Usage/DistanceGrab/Materials/ToyCubeWithOutline.mat
  artifactKey: Guid(99420f5a26a93487aa0ae70d73da8c34) Importer(815301076,1909f56bfc062723c751e8b465ee728b)
Start importing Assets/Oculus/SampleFramework/Usage/DistanceGrab/Materials/ToyCubeWithOutline.mat using Guid(99420f5a26a93487aa0ae70d73da8c34) Importer(815301076,1909f56bfc062723c751e8b465ee728b)  -> (artifact id: '8120547a71dcc53d601adfb361980b4e') in 0.010628 seconds
  Import took 0.014879 seconds .

========================================================================
Received Import Request.
  Time since last request: 0.000390 seconds.
  path: Assets/Oculus/SampleFramework/Usage/DistanceGrab/Materials/SportsBottleMetalWithOutline.mat
  artifactKey: Guid(83de4bdf95bc24d318c17ae79d743908) Importer(815301076,1909f56bfc062723c751e8b465ee728b)
Start importing Assets/Oculus/SampleFramework/Usage/DistanceGrab/Materials/SportsBottleMetalWithOutline.mat using Guid(83de4bdf95bc24d318c17ae79d743908) Importer(815301076,1909f56bfc062723c751e8b465ee728b)  -> (artifact id: '4d49710aa6780108ab12334eb763c636') in 0.014291 seconds
  Import took 0.018857 seconds .

========================================================================
Received Import Request.
  Time since last request: 0.000331 seconds.
  path: Assets/Oculus/SampleFramework/Usage/DistanceGrab/Materials/TriangleCursorUntargeted.mat
  artifactKey: Guid(766bb65e1129a4712a168c459298b449) Importer(815301076,1909f56bfc062723c751e8b465ee728b)
Start importing Assets/Oculus/SampleFramework/Usage/DistanceGrab/Materials/TriangleCursorUntargeted.mat using Guid(766bb65e1129a4712a168c459298b449) Importer(815301076,1909f56bfc062723c751e8b465ee728b)  -> (artifact id: 'd2a62c0c2f07d5f909863930971bd2e3') in 0.012570 seconds
  Import took 0.017264 seconds .

========================================================================
Received Import Request.
  Time since last request: 0.000468 seconds.
  path: Assets/dvrk/Meshes/psm/Materials/tool_main-SWMaterial-0.mat
  artifactKey: Guid(f0bfc3be4637b024ba32d380e9292fcd) Importer(815301076,1909f56bfc062723c751e8b465ee728b)
Start importing Assets/dvrk/Meshes/psm/Materials/tool_main-SWMaterial-0.mat using Guid(f0bfc3be4637b024ba32d380e9292fcd) Importer(815301076,1909f56bfc062723c751e8b465ee728b)  -> (artifact id: '060a565a5344ecd500ee3baa4489f0d3') in 0.008271 seconds
  Import took 0.012572 seconds .

========================================================================
Received Import Request.
  Time since last request: 0.000599 seconds.
  path: Assets/Oculus/SampleFramework/Usage/HandsTrainExample/Materials/XingLightMaterial.mat
  artifactKey: Guid(b99b44499a77b3645b481d4f7d0ddf33) Importer(815301076,1909f56bfc062723c751e8b465ee728b)
Start importing Assets/Oculus/SampleFramework/Usage/HandsTrainExample/Materials/XingLightMaterial.mat using Guid(b99b44499a77b3645b481d4f7d0ddf33) Importer(815301076,1909f56bfc062723c751e8b465ee728b)  -> (artifact id: '3b63cbc70117ed87dea401a51018c1d6') in 0.013145 seconds
  Import took 0.017614 seconds .

========================================================================
Received Import Request.
  Time since last request: 0.000358 seconds.
  path: Assets/Oculus/SampleFramework/Usage/OVROverlay/Materials/Tile_Mat_BackgroundHighlight.mat
  artifactKey: Guid(081039a448bec6e48827af5f9b606f83) Importer(815301076,1909f56bfc062723c751e8b465ee728b)
Start importing Assets/Oculus/SampleFramework/Usage/OVROverlay/Materials/Tile_Mat_BackgroundHighlight.mat using Guid(081039a448bec6e48827af5f9b606f83) Importer(815301076,1909f56bfc062723c751e8b465ee728b)  -> (artifact id: '1ce1de085cd3a115d51e0407c3537f4c') in 0.012227 seconds
  Import took 0.017495 seconds .

========================================================================
Received Import Request.
  Time since last request: 0.000314 seconds.
  path: Assets/Oculus/Spatializer/scenes/materials/SpatializedObject2.mat
  artifactKey: Guid(f54ef0e328359c14b9005f8a48cbd66b) Importer(815301076,1909f56bfc062723c751e8b465ee728b)
Start importing Assets/Oculus/Spatializer/scenes/materials/SpatializedObject2.mat using Guid(f54ef0e328359c14b9005f8a48cbd66b) Importer(815301076,1909f56bfc062723c751e8b465ee728b)  -> (artifact id: '463d7375091a798e5efb2bc78f5e675a') in 0.018108 seconds
  Import took 0.023110 seconds .

========================================================================
Received Import Request.
  Time since last request: 0.000439 seconds.
  path: Assets/Oculus/SampleFramework/Core/HandsInteraction/Materials/SystemGestureHandMaterial.mat
  artifactKey: Guid(6b3381fce337f7049a8972d9356bde5e) Importer(815301076,1909f56bfc062723c751e8b465ee728b)
Start importing Assets/Oculus/SampleFramework/Core/HandsInteraction/Materials/SystemGestureHandMaterial.mat using Guid(6b3381fce337f7049a8972d9356bde5e) Importer(815301076,1909f56bfc062723c751e8b465ee728b)  -> (artifact id: '57665f65921af2073142ce71b0061c79') in 0.012877 seconds
  Import took 0.018708 seconds .

========================================================================
Received Import Request.
  Time since last request: 0.000261 seconds.
  path: Assets/dvrk/Meshes/psm/Materials/tool_wrist_link-SWMaterial-0.mat
  artifactKey: Guid(17cb91be15bd5f441b8e01d2558937e4) Importer(815301076,1909f56bfc062723c751e8b465ee728b)
Start importing Assets/dvrk/Meshes/psm/Materials/tool_wrist_link-SWMaterial-0.mat using Guid(17cb91be15bd5f441b8e01d2558937e4) Importer(815301076,1909f56bfc062723c751e8b465ee728b)  -> (artifact id: '560fc116b1ca1fadfee35184f16f5dd5') in 0.011080 seconds
  Import took 0.015541 seconds .

========================================================================
Received Import Request.
  Time since last request: 0.000326 seconds.
  path: Assets/VR Controllers Models/Vive Controllers/Materials/Vive Controller.mat
  artifactKey: Guid(0910f96655140ba4e8b16bc71b8e92a5) Importer(815301076,1909f56bfc062723c751e8b465ee728b)
Start importing Assets/VR Controllers Models/Vive Controllers/Materials/Vive Controller.mat using Guid(0910f96655140ba4e8b16bc71b8e92a5) Importer(815301076,1909f56bfc062723c751e8b465ee728b)  -> (artifact id: 'c3b5b8185f6efcd6409347e812d9d028') in 0.009877 seconds
  Import took 0.017639 seconds .

========================================================================
Received Import Request.
  Time since last request: 0.000338 seconds.
  path: Assets/Oculus/SampleFramework/Usage/OVROverlay/Materials/Tile_Mat_OculusVideo.mat
  artifactKey: Guid(094be3701c9869d41b1dadbb555ee720) Importer(815301076,1909f56bfc062723c751e8b465ee728b)
Start importing Assets/Oculus/SampleFramework/Usage/OVROverlay/Materials/Tile_Mat_OculusVideo.mat using Guid(094be3701c9869d41b1dadbb555ee720) Importer(815301076,1909f56bfc062723c751e8b465ee728b)  -> (artifact id: '761b4d6a1e6a2a5e592e378eeb519977') in 0.014162 seconds
  Import took 0.019671 seconds .

========================================================================
Received Import Request.
  Time since last request: 0.000253 seconds.
  path: Assets/dvrk/Meshes/psm/Materials/tool_wrist_sca_link_2-SWMaterial-0.mat
  artifactKey: Guid(f3bfa1850b2b6714595bff8b320dbdf7) Importer(815301076,1909f56bfc062723c751e8b465ee728b)
Start importing Assets/dvrk/Meshes/psm/Materials/tool_wrist_sca_link_2-SWMaterial-0.mat using Guid(f3bfa1850b2b6714595bff8b320dbdf7) Importer(815301076,1909f56bfc062723c751e8b465ee728b)  -> (artifact id: 'fc22a4cc50f344bad8a3878937d9841d') in 0.008687 seconds
  Import took 0.013219 seconds .

========================================================================
Received Import Request.
  Time since last request: 0.000319 seconds.
  path: Assets/Oculus/SampleFramework/Usage/SharedAssets/Materials/SportsBottle_metal.mat
  artifactKey: Guid(e04a4300d0596db4ba52a535422513d3) Importer(815301076,1909f56bfc062723c751e8b465ee728b)
Start importing Assets/Oculus/SampleFramework/Usage/SharedAssets/Materials/SportsBottle_metal.mat using Guid(e04a4300d0596db4ba52a535422513d3) Importer(815301076,1909f56bfc062723c751e8b465ee728b)  -> (artifact id: '9fe7dc2c0ec17f9056f35dfe45aa40cf') in 0.014036 seconds
  Import took 0.018517 seconds .

========================================================================
Received Import Request.
  Time since last request: 0.000322 seconds.
  path: Assets/Oculus/SampleFramework/Usage/SharedAssets/Materials/WoodBlock.mat
  artifactKey: Guid(163257dbf13bb9b4ebf2e088c4a50b1f) Importer(815301076,1909f56bfc062723c751e8b465ee728b)
Start importing Assets/Oculus/SampleFramework/Usage/SharedAssets/Materials/WoodBlock.mat using Guid(163257dbf13bb9b4ebf2e088c4a50b1f) Importer(815301076,1909f56bfc062723c751e8b465ee728b)  -> (artifact id: 'ef7251013bd346114c75bfbc8ce0d248') in 0.031984 seconds
  Import took 0.037413 seconds .

========================================================================
Received Import Request.
  Time since last request: 0.000284 seconds.
  path: Assets/Oculus/SampleFramework/Core/TouchControllers/Models/touch_controller_MAT.mat
  artifactKey: Guid(d8a202bc350b09c4e808ea37c6929755) Importer(815301076,1909f56bfc062723c751e8b465ee728b)
Start importing Assets/Oculus/SampleFramework/Core/TouchControllers/Models/touch_controller_MAT.mat using Guid(d8a202bc350b09c4e808ea37c6929755) Importer(815301076,1909f56bfc062723c751e8b465ee728b)  -> (artifact id: '5ec2d0a306609e3d407ce378ba03db1d') in 0.031502 seconds
  Import took 0.035565 seconds .

========================================================================
Received Import Request.
  Time since last request: 0.000222 seconds.
  path: Assets/Oculus/SampleFramework/Usage/OVROverlayCanvas/Materials/UI Default Correct.mat
  artifactKey: Guid(c303ccfd63b005d4bbdb8f0bbf9e834b) Importer(815301076,1909f56bfc062723c751e8b465ee728b)
Start importing Assets/Oculus/SampleFramework/Usage/OVROverlayCanvas/Materials/UI Default Correct.mat using Guid(c303ccfd63b005d4bbdb8f0bbf9e834b) Importer(815301076,1909f56bfc062723c751e8b465ee728b)  -> (artifact id: 'd6d924e8ec7dceebc57e56a1fe9dff58') in 0.010982 seconds
  Import took 0.015265 seconds .

========================================================================
Received Import Request.
  Time since last request: 0.000293 seconds.
  path: Assets/Oculus/Spatializer/scenes/materials/SpatializedObject1.mat
  artifactKey: Guid(6498d4298a35c5c44894b5f194468896) Importer(815301076,1909f56bfc062723c751e8b465ee728b)
Start importing Assets/Oculus/Spatializer/scenes/materials/SpatializedObject1.mat using Guid(6498d4298a35c5c44894b5f194468896) Importer(815301076,1909f56bfc062723c751e8b465ee728b)  -> (artifact id: '25daff54be9abdb3ea4551f3dddead91') in 0.011541 seconds
  Import took 0.017194 seconds .

========================================================================
Received Import Request.
  Time since last request: 0.000284 seconds.
  path: Assets/Oculus/SampleFramework/Usage/SharedAssets/Materials/SportsBottle_lid.mat
  artifactKey: Guid(c99e99ab53520b24f933da34732440eb) Importer(815301076,1909f56bfc062723c751e8b465ee728b)
Start importing Assets/Oculus/SampleFramework/Usage/SharedAssets/Materials/SportsBottle_lid.mat using Guid(c99e99ab53520b24f933da34732440eb) Importer(815301076,1909f56bfc062723c751e8b465ee728b)  -> (artifact id: 'd6bf4746706d2d9974975cd7d499c599') in 0.011489 seconds
  Import took 0.015642 seconds .

========================================================================
Received Import Request.
  Time since last request: 0.000342 seconds.
  path: Assets/Oculus/SampleFramework/Usage/DistanceGrab/Materials/TriangleCursorTargeted.mat
  artifactKey: Guid(61ef159634e7b49fb88f64dfa954b0f5) Importer(815301076,1909f56bfc062723c751e8b465ee728b)
Start importing Assets/Oculus/SampleFramework/Usage/DistanceGrab/Materials/TriangleCursorTargeted.mat using Guid(61ef159634e7b49fb88f64dfa954b0f5) Importer(815301076,1909f56bfc062723c751e8b465ee728b)  -> (artifact id: 'd59ad9f8a0747fe57268d4e2da35bf3c') in 0.011384 seconds
  Import took 0.017825 seconds .

========================================================================
Received Import Request.
  Time since last request: 0.000272 seconds.
  path: Assets/VR Controllers Models/Valve Index Controllers/valve-index-controller-left/source/Valve Index Left.mat
  artifactKey: Guid(21631b4bc43be87418541fec4e3e355d) Importer(815301076,1909f56bfc062723c751e8b465ee728b)
Start importing Assets/VR Controllers Models/Valve Index Controllers/valve-index-controller-left/source/Valve Index Left.mat using Guid(21631b4bc43be87418541fec4e3e355d) Importer(815301076,1909f56bfc062723c751e8b465ee728b)  -> (artifact id: '03f167001d19f448ab5f07048e4b7b7b') in 0.009102 seconds
  Import took 0.013092 seconds .

========================================================================
Received Import Request.
  Time since last request: 0.000234 seconds.
  path: Assets/Oculus/SampleFramework/Usage/DistanceGrab/Materials/SportsBottleLidWithOutline.mat
  artifactKey: Guid(c4838c9fceddb43a5b32cf5f3d35522d) Importer(815301076,1909f56bfc062723c751e8b465ee728b)
Start importing Assets/Oculus/SampleFramework/Usage/DistanceGrab/Materials/SportsBottleLidWithOutline.mat using Guid(c4838c9fceddb43a5b32cf5f3d35522d) Importer(815301076,1909f56bfc062723c751e8b465ee728b)  -> (artifact id: 'bb05a6081409976751cb3e5584ccc38c') in 0.010469 seconds
  Import took 0.016513 seconds .

========================================================================
Received Import Request.
  Time since last request: 0.000542 seconds.
  path: Assets/Oculus/SampleFramework/Usage/SharedAssets/Materials/ToyCubeMat.mat
  artifactKey: Guid(b63c152e975e0be45929851911662d79) Importer(815301076,1909f56bfc062723c751e8b465ee728b)
Start importing Assets/Oculus/SampleFramework/Usage/SharedAssets/Materials/ToyCubeMat.mat using Guid(b63c152e975e0be45929851911662d79) Importer(815301076,1909f56bfc062723c751e8b465ee728b)  -> (artifact id: 'd4bcb870d1e6b33ded429f8109591d13') in 0.010488 seconds
  Import took 0.015673 seconds .

========================================================================
Received Import Request.
  Time since last request: 0.000235 seconds.
  path: Assets/dvrk/Meshes/psm/Materials/tool_wrist_shaft_link-SWMaterial-0.mat
  artifactKey: Guid(6186db006ad2f4b4ebb45900ce26e890) Importer(815301076,1909f56bfc062723c751e8b465ee728b)
Start importing Assets/dvrk/Meshes/psm/Materials/tool_wrist_shaft_link-SWMaterial-0.mat using Guid(6186db006ad2f4b4ebb45900ce26e890) Importer(815301076,1909f56bfc062723c751e8b465ee728b)  -> (artifact id: '44a49451e995f7b7117e00272db6f268') in 0.013099 seconds
  Import took 0.016982 seconds .

========================================================================
Received Import Request.
  Time since last request: 0.000238 seconds.
  path: Assets/Oculus/SampleFramework/Usage/SharedAssets/Materials/ToyBallMat.mat
  artifactKey: Guid(b0b0cd8f767a3f34384866cbf226b83b) Importer(815301076,1909f56bfc062723c751e8b465ee728b)
Start importing Assets/Oculus/SampleFramework/Usage/SharedAssets/Materials/ToyBallMat.mat using Guid(b0b0cd8f767a3f34384866cbf226b83b) Importer(815301076,1909f56bfc062723c751e8b465ee728b)  -> (artifact id: '5dcf6b770dc7fe10ba39b6004cdd4364') in 0.030408 seconds
  Import took 0.034616 seconds .

========================================================================
Received Import Request.
  Time since last request: 0.000242 seconds.
  path: Assets/Oculus/SampleFramework/Core/HandsInteraction/Materials/SystemGestureSkeletonBoneMaterial.mat
  artifactKey: Guid(a3aacb3bb3e11b948899db3fbefc6fe1) Importer(815301076,1909f56bfc062723c751e8b465ee728b)
Start importing Assets/Oculus/SampleFramework/Core/HandsInteraction/Materials/SystemGestureSkeletonBoneMaterial.mat using Guid(a3aacb3bb3e11b948899db3fbefc6fe1) Importer(815301076,1909f56bfc062723c751e8b465ee728b)  -> (artifact id: 'fea4b90ebbca3fe7798cbbecc88498bc') in 0.013158 seconds
  Import took 0.017917 seconds .

========================================================================
Received Import Request.
  Time since last request: 0.000238 seconds.
  path: Assets/Oculus/SampleFramework/Core/Locomotion/Materials/TeleportLaser.mat
  artifactKey: Guid(a379cec2ba497874788d17eb312c61be) Importer(815301076,1909f56bfc062723c751e8b465ee728b)
Start importing Assets/Oculus/SampleFramework/Core/Locomotion/Materials/TeleportLaser.mat using Guid(a379cec2ba497874788d17eb312c61be) Importer(815301076,1909f56bfc062723c751e8b465ee728b)  -> (artifact id: '41fc65220bb9d83437db106c1dde9450') in 0.009754 seconds
  Import took 0.013903 seconds .

========================================================================
Received Import Request.
  Time since last request: 0.000471 seconds.
  path: Assets/VR Controllers Models/Valve Index Controllers/valve-index-controller-right/source/Valve Index Mat Right.mat
  artifactKey: Guid(abe73698f82111f4bbdfc4065a667235) Importer(815301076,1909f56bfc062723c751e8b465ee728b)
Start importing Assets/VR Controllers Models/Valve Index Controllers/valve-index-controller-right/source/Valve Index Mat Right.mat using Guid(abe73698f82111f4bbdfc4065a667235) Importer(815301076,1909f56bfc062723c751e8b465ee728b)  -> (artifact id: '2b26faee65fa3e756c9e9423d28aa2f3') in 0.010033 seconds
  Import took 0.013969 seconds .

========================================================================
Received Import Request.
  Time since last request: 0.000234 seconds.
  path: Assets/Oculus/SampleFramework/Usage/DistanceGrab/Materials/SoccerWhiteWithOutline.mat
  artifactKey: Guid(1b2c77624612445c59f6e3ed3e4c9638) Importer(815301076,1909f56bfc062723c751e8b465ee728b)
Start importing Assets/Oculus/SampleFramework/Usage/DistanceGrab/Materials/SoccerWhiteWithOutline.mat using Guid(1b2c77624612445c59f6e3ed3e4c9638) Importer(815301076,1909f56bfc062723c751e8b465ee728b)  -> (artifact id: 'ca1e02680b6fa77817d18e2a34282773') in 0.014975 seconds
  Import took 0.019154 seconds .

========================================================================
Received Import Request.
  Time since last request: 0.000843 seconds.
  path: Assets/Oculus/SampleFramework/Usage/OVROverlay/Materials/Tile_Mat_Farlands.mat
  artifactKey: Guid(b2e6fa7c3e83eee489247ced515747cf) Importer(815301076,1909f56bfc062723c751e8b465ee728b)
Start importing Assets/Oculus/SampleFramework/Usage/OVROverlay/Materials/Tile_Mat_Farlands.mat using Guid(b2e6fa7c3e83eee489247ced515747cf) Importer(815301076,1909f56bfc062723c751e8b465ee728b)  -> (artifact id: '1217103d790f0aea89f87bad3a6637d9') in 0.023641 seconds
  Import took 0.029617 seconds .

========================================================================
Received Import Request.
  Time since last request: 0.000344 seconds.
  path: Assets/Oculus/SampleFramework/Usage/OVROverlay/Materials/Tile_Mat_Henry.mat
  artifactKey: Guid(e4486e58dde90df498b2efdcf4292917) Importer(815301076,1909f56bfc062723c751e8b465ee728b)
Start importing Assets/Oculus/SampleFramework/Usage/OVROverlay/Materials/Tile_Mat_Henry.mat using Guid(e4486e58dde90df498b2efdcf4292917) Importer(815301076,1909f56bfc062723c751e8b465ee728b)  -> (artifact id: '688075ac8a53d61f743541dcac25f26f') in 0.017474 seconds
  Import took 0.023158 seconds .

========================================================================
Received Import Request.
  Time since last request: 0.000357 seconds.
  path: Assets/Oculus/SampleFramework/Core/TouchControllers/Materials/touchController_basecolor.mat
  artifactKey: Guid(1caef85feb223044d801a24540271231) Importer(815301076,1909f56bfc062723c751e8b465ee728b)
Start importing Assets/Oculus/SampleFramework/Core/TouchControllers/Materials/touchController_basecolor.mat using Guid(1caef85feb223044d801a24540271231) Importer(815301076,1909f56bfc062723c751e8b465ee728b)  -> (artifact id: '5ea4743345b311ac183e1e2458125a76') in 0.010053 seconds
  Import took 0.015831 seconds .

========================================================================
Received Import Request.
  Time since last request: 0.000300 seconds.
  path: Assets/Oculus/SampleFramework/Core/HandsInteraction/Materials/TargetMaterial.mat
  artifactKey: Guid(7c4fbc253f678a74f8135c524ac84bfe) Importer(815301076,1909f56bfc062723c751e8b465ee728b)
Start importing Assets/Oculus/SampleFramework/Core/HandsInteraction/Materials/TargetMaterial.mat using Guid(7c4fbc253f678a74f8135c524ac84bfe) Importer(815301076,1909f56bfc062723c751e8b465ee728b)  -> (artifact id: '6ab4620acba3ed2d6cd4ca9724a66c00') in 0.011926 seconds
  Import took 0.015854 seconds .

========================================================================
Received Import Request.
  Time since last request: 0.000229 seconds.
  path: Assets/Oculus/SampleFramework/Usage/OVROverlay/Materials/Tile_Mat_Cinema.mat
  artifactKey: Guid(354a5d3fc93892c44978423fd55d7196) Importer(815301076,1909f56bfc062723c751e8b465ee728b)
Start importing Assets/Oculus/SampleFramework/Usage/OVROverlay/Materials/Tile_Mat_Cinema.mat using Guid(354a5d3fc93892c44978423fd55d7196) Importer(815301076,1909f56bfc062723c751e8b465ee728b)  -> (artifact id: 'daed34c30ac2b54c6fe1d18340357964') in 0.017607 seconds
  Import took 0.021779 seconds .

========================================================================
Received Import Request.
  Time since last request: 0.000334 seconds.
  path: Assets/Oculus/SampleFramework/Usage/DistanceGrab/Materials/WoodBlockWithOutline.mat
  artifactKey: Guid(3a4cc84819795469da40d14888581e73) Importer(815301076,1909f56bfc062723c751e8b465ee728b)
Start importing Assets/Oculus/SampleFramework/Usage/DistanceGrab/Materials/WoodBlockWithOutline.mat using Guid(3a4cc84819795469da40d14888581e73) Importer(815301076,1909f56bfc062723c751e8b465ee728b)  -> (artifact id: '56645a280aa49ab5ebff639771987294') in 0.009359 seconds
  Import took 0.014941 seconds .

========================================================================
Received Import Request.
  Time since last request: 10.293206 seconds.
  path: Assets/Oculus/SampleFramework/Usage/DistanceGrab/Materials/SoccerBlackWithOutline.mat
  artifactKey: Guid(66fffd1e8231547c79ebe557deb6c501) Importer(815301076,1909f56bfc062723c751e8b465ee728b)
Start importing Assets/Oculus/SampleFramework/Usage/DistanceGrab/Materials/SoccerBlackWithOutline.mat using Guid(66fffd1e8231547c79ebe557deb6c501) Importer(815301076,1909f56bfc062723c751e8b465ee728b)  -> (artifact id: '7d1e3ebd1f66646d6247ed062d434593') in 0.010732 seconds
  Import took 0.015408 seconds .

========================================================================
Received Import Request.
  Time since last request: 0.000235 seconds.
  path: Assets/Oculus/SampleFramework/Usage/SharedAssets/Materials/SoccerWhite.mat
  artifactKey: Guid(a6f1778430eac934d8d2b1514f4b023f) Importer(815301076,1909f56bfc062723c751e8b465ee728b)
Start importing Assets/Oculus/SampleFramework/Usage/SharedAssets/Materials/SoccerWhite.mat using Guid(a6f1778430eac934d8d2b1514f4b023f) Importer(815301076,1909f56bfc062723c751e8b465ee728b)  -> (artifact id: '6d1359735acb27035822851522477b6f') in 0.008947 seconds
  Import took 0.013299 seconds .

========================================================================
Received Import Request.
  Time since last request: 0.016710 seconds.
  path: Assets/Oculus/SampleFramework/Usage/DistanceGrab/Materials/SoccerBlackWithOutline.mat
  artifactKey: Guid(66fffd1e8231547c79ebe557deb6c501) Importer(815301076,1909f56bfc062723c751e8b465ee728b)
Start importing Assets/Oculus/SampleFramework/Usage/DistanceGrab/Materials/SoccerBlackWithOutline.mat using Guid(66fffd1e8231547c79ebe557deb6c501) Importer(815301076,1909f56bfc062723c751e8b465ee728b)  -> (artifact id: '7d1e3ebd1f66646d6247ed062d434593') in 0.008022 seconds
  Import took 0.014408 seconds .

========================================================================
Received Import Request.
  Time since last request: 10.968706 seconds.
  path: Assets/Oculus/SampleFramework/Usage/HandsTrainExample/Materials/SmokeMat.mat
  artifactKey: Guid(463470a59e6ccd448999b90b0fe8a1b4) Importer(815301076,1909f56bfc062723c751e8b465ee728b)
Start importing Assets/Oculus/SampleFramework/Usage/HandsTrainExample/Materials/SmokeMat.mat using Guid(463470a59e6ccd448999b90b0fe8a1b4) Importer(815301076,1909f56bfc062723c751e8b465ee728b)  -> (artifact id: '885d8c58067120a34182b7a8714148ea') in 0.016802 seconds
  Import took 0.020894 seconds .

========================================================================
Received Import Request.
  Time since last request: 0.000406 seconds.
  path: Assets/Oculus/SampleFramework/Usage/SharedAssets/Materials/SoccerBlack.mat
  artifactKey: Guid(d8661ef17e8fdf545a46589f2ebce4a7) Importer(815301076,1909f56bfc062723c751e8b465ee728b)
Start importing Assets/Oculus/SampleFramework/Usage/SharedAssets/Materials/SoccerBlack.mat using Guid(d8661ef17e8fdf545a46589f2ebce4a7) Importer(815301076,1909f56bfc062723c751e8b465ee728b)  -> (artifact id: '8e95f3c666e0d3873e8e72e1b1a3fe5f') in 0.008412 seconds
  Import took 0.011931 seconds .

========================================================================
Received Import Request.
  Time since last request: 0.034985 seconds.
  path: Assets/Oculus/SampleFramework/Usage/SharedAssets/Skyboxes/Sky_01/Skybox01Mat.mat
  artifactKey: Guid(b6121f1ede3dbe848a9c9de2ef369c28) Importer(815301076,1909f56bfc062723c751e8b465ee728b)
Start importing Assets/Oculus/SampleFramework/Usage/SharedAssets/Skyboxes/Sky_01/Skybox01Mat.mat using Guid(b6121f1ede3dbe848a9c9de2ef369c28) Importer(815301076,1909f56bfc062723c751e8b465ee728b)  -> (artifact id: 'e443636378240c23f65bbed0ffd2005c') in 0.207620 seconds
  Import took 0.211547 seconds .

========================================================================
Received Import Request.
  Time since last request: 0.000421 seconds.
  path: Assets/Oculus/LipSync/Models/RobotHead_TextureFlip/Materials/sil.mat
  artifactKey: Guid(5290b3a55eaa1b7458665dc2d856c042) Importer(815301076,1909f56bfc062723c751e8b465ee728b)
Start importing Assets/Oculus/LipSync/Models/RobotHead_TextureFlip/Materials/sil.mat using Guid(5290b3a55eaa1b7458665dc2d856c042) Importer(815301076,1909f56bfc062723c751e8b465ee728b)  -> (artifact id: 'e81a52f1f33a94897a0615b28ebecc67') in 0.013096 seconds
  Import took 0.018065 seconds .

========================================================================
Received Import Request.
  Time since last request: 0.000407 seconds.
  path: Assets/Oculus/SampleFramework/Usage/SharedAssets/Skyboxes/Sky_02/Skybox02.mat
  artifactKey: Guid(b709a9919bd4047b58bb05887b4faad3) Importer(815301076,1909f56bfc062723c751e8b465ee728b)
Start importing Assets/Oculus/SampleFramework/Usage/SharedAssets/Skyboxes/Sky_02/Skybox02.mat using Guid(b709a9919bd4047b58bb05887b4faad3) Importer(815301076,1909f56bfc062723c751e8b465ee728b)  -> (artifact id: '16b50b0a05d6772a50474c8ac34cb71a') in 0.032894 seconds
  Import took 0.038042 seconds .

========================================================================
Received Import Request.
  Time since last request: 0.000275 seconds.
  path: Assets/Oculus/SampleFramework/Usage/HandsTrainExample/Materials/SkyboxForRealtime.mat
  artifactKey: Guid(799432b58386306488cfd7a19e7ff4d7) Importer(815301076,1909f56bfc062723c751e8b465ee728b)
Start importing Assets/Oculus/SampleFramework/Usage/HandsTrainExample/Materials/SkyboxForRealtime.mat using Guid(799432b58386306488cfd7a19e7ff4d7) Importer(815301076,1909f56bfc062723c751e8b465ee728b)  -> (artifact id: '72fc6f199d61f3018756f10eec406cbb') in 0.009610 seconds
  Import took 0.016067 seconds .

========================================================================
Received Import Request.
  Time since last request: 0.000415 seconds.
  path: Assets/Oculus/SampleFramework/Usage/HandsTrainExample/Materials/SmokeBillowMat.mat
  artifactKey: Guid(92273b6e1c2f94d4e890fe1d8be56869) Importer(815301076,1909f56bfc062723c751e8b465ee728b)
Start importing Assets/Oculus/SampleFramework/Usage/HandsTrainExample/Materials/SmokeBillowMat.mat using Guid(92273b6e1c2f94d4e890fe1d8be56869) Importer(815301076,1909f56bfc062723c751e8b465ee728b)  -> (artifact id: '147e31d7f007f395c2b4df0544065a78') in 0.016655 seconds
  Import took 0.021531 seconds .

========================================================================
Received Import Request.
  Time since last request: 0.000376 seconds.
  path: Assets/Oculus/SampleFramework/Core/HandsInteraction/Materials/SkeletonBoneMaterial.mat
  artifactKey: Guid(abb80e58ce7c0a842a4758d09d9d71e0) Importer(815301076,1909f56bfc062723c751e8b465ee728b)
Start importing Assets/Oculus/SampleFramework/Core/HandsInteraction/Materials/SkeletonBoneMaterial.mat using Guid(abb80e58ce7c0a842a4758d09d9d71e0) Importer(815301076,1909f56bfc062723c751e8b465ee728b)  -> (artifact id: 'f0d271bd14153cfd1ed2143604732da9') in 0.010361 seconds
  Import took 0.015036 seconds .

========================================================================
Received Import Request.
  Time since last request: 0.000281 seconds.
  path: Assets/Oculus/SampleFramework/Usage/DistanceGrab/SkyboxMat.mat
  artifactKey: Guid(59e9fddc38d83c84689eb3deb601b970) Importer(815301076,1909f56bfc062723c751e8b465ee728b)
Start importing Assets/Oculus/SampleFramework/Usage/DistanceGrab/SkyboxMat.mat using Guid(59e9fddc38d83c84689eb3deb601b970) Importer(815301076,1909f56bfc062723c751e8b465ee728b)  -> (artifact id: '835485d1e01b3fc32b44ec41a7864485') in 0.093154 seconds
  Import took 0.097800 seconds .

========================================================================
Received Import Request.
  Time since last request: 0.000307 seconds.
  path: Assets/Oculus/SampleFramework/Core/HandsInteraction/Materials/RayMaterial.mat
  artifactKey: Guid(0b157fd34da92084a8cf68f92d515504) Importer(815301076,1909f56bfc062723c751e8b465ee728b)
Start importing Assets/Oculus/SampleFramework/Core/HandsInteraction/Materials/RayMaterial.mat using Guid(0b157fd34da92084a8cf68f92d515504) Importer(815301076,1909f56bfc062723c751e8b465ee728b)  -> (artifact id: '9d42b2db57a511840e621a23f0920995') in 0.009528 seconds
  Import took 0.014715 seconds .

========================================================================
Received Import Request.
  Time since last request: 0.000309 seconds.
  path: Assets/Oculus/SampleFramework/Usage/HandsTrainExample/Materials/SelectionCylinderBase.mat
  artifactKey: Guid(12d9a49768b575643a552c2ce6fdc26e) Importer(815301076,1909f56bfc062723c751e8b465ee728b)
Start importing Assets/Oculus/SampleFramework/Usage/HandsTrainExample/Materials/SelectionCylinderBase.mat using Guid(12d9a49768b575643a552c2ce6fdc26e) Importer(815301076,1909f56bfc062723c751e8b465ee728b)  -> (artifact id: '633b4e1fc04c2ef3bdc944d569b84058') in 0.010783 seconds
  Import took 0.015797 seconds .

========================================================================
Received Import Request.
  Time since last request: 0.000257 seconds.
  path: Assets/Oculus/SampleFramework/Usage/HandsTrainExample/Materials/SelectionCylinder.mat
  artifactKey: Guid(31cce59a5784d22409cb8fc86a99f275) Importer(815301076,1909f56bfc062723c751e8b465ee728b)
Start importing Assets/Oculus/SampleFramework/Usage/HandsTrainExample/Materials/SelectionCylinder.mat using Guid(31cce59a5784d22409cb8fc86a99f275) Importer(815301076,1909f56bfc062723c751e8b465ee728b)  -> (artifact id: 'd8d04b7b7898564aa534ef8141de85b1') in 0.009595 seconds
  Import took 0.013441 seconds .

========================================================================
Received Import Request.
  Time since last request: 0.000312 seconds.
  path: Assets/Oculus/LipSync/Models/FemaleHead_Morph/Materials/shirt.mat
  artifactKey: Guid(0ad01ecbcffbb4c91af7ffa1ebc14f74) Importer(815301076,1909f56bfc062723c751e8b465ee728b)
Start importing Assets/Oculus/LipSync/Models/FemaleHead_Morph/Materials/shirt.mat using Guid(0ad01ecbcffbb4c91af7ffa1ebc14f74) Importer(815301076,1909f56bfc062723c751e8b465ee728b)  -> (artifact id: '0d48d9d236fd4cd85408ff8f7f52c88d') in 0.011290 seconds
  Import took 0.015980 seconds .

========================================================================
Received Import Request.
  Time since last request: 0.000327 seconds.
  path: Assets/Oculus/LipSync/Models/FemaleHead_Morph/Materials/skin_DIFF.mat
  artifactKey: Guid(3d380053edac948aa9d428fce6a5288b) Importer(815301076,1909f56bfc062723c751e8b465ee728b)
Start importing Assets/Oculus/LipSync/Models/FemaleHead_Morph/Materials/skin_DIFF.mat using Guid(3d380053edac948aa9d428fce6a5288b) Importer(815301076,1909f56bfc062723c751e8b465ee728b)  -> (artifact id: '06db565c7135b93ea426170e60746de8') in 0.028821 seconds
  Import took 0.033086 seconds .

========================================================================
Received Import Request.
  Time since last request: 0.000231 seconds.
  path: Assets/Oculus/SampleFramework/Usage/HandsTrainExample/Materials/SkyboxForLightbaking.mat
  artifactKey: Guid(b95594ffeaf238c46a8d575dcd72705a) Importer(815301076,1909f56bfc062723c751e8b465ee728b)
Start importing Assets/Oculus/SampleFramework/Usage/HandsTrainExample/Materials/SkyboxForLightbaking.mat using Guid(b95594ffeaf238c46a8d575dcd72705a) Importer(815301076,1909f56bfc062723c751e8b465ee728b)  -> (artifact id: '7e15b291f8637f3ec19a2ed5bdf25d77') in 0.008441 seconds
  Import took 0.012849 seconds .

========================================================================
Received Import Request.
  Time since last request: 0.000298 seconds.
  path: Assets/Oculus/SampleFramework/Core/TouchControllers/Materials/R_controller_MAT.mat
  artifactKey: Guid(14179725cf9421448b565469bfc84247) Importer(815301076,1909f56bfc062723c751e8b465ee728b)
Start importing Assets/Oculus/SampleFramework/Core/TouchControllers/Materials/R_controller_MAT.mat using Guid(14179725cf9421448b565469bfc84247) Importer(815301076,1909f56bfc062723c751e8b465ee728b)  -> (artifact id: 'c83475f709a73f2421417ba96e24828c') in 0.009495 seconds
  Import took 0.014327 seconds .

========================================================================
Received Import Request.
  Time since last request: 0.000205 seconds.
  path: Assets/Oculus/SampleFramework/Core/TouchControllers/Materials/R_controller_gloss_MAT.mat
  artifactKey: Guid(6dca398ec6487b142811f0497ed47f6d) Importer(815301076,1909f56bfc062723c751e8b465ee728b)
Start importing Assets/Oculus/SampleFramework/Core/TouchControllers/Materials/R_controller_gloss_MAT.mat using Guid(6dca398ec6487b142811f0497ed47f6d) Importer(815301076,1909f56bfc062723c751e8b465ee728b)  -> (artifact id: 'a63485e7e9403adb8afb3ff12cc6c0fb') in 0.020681 seconds
  Import took 0.026270 seconds .

========================================================================
Received Import Request.
  Time since last request: 0.000355 seconds.
  path: Assets/dvrk/Meshes/Materials/red.mat
  artifactKey: Guid(6942d6a5510ef624f8f468131d3447e9) Importer(815301076,1909f56bfc062723c751e8b465ee728b)
Start importing Assets/dvrk/Meshes/Materials/red.mat using Guid(6942d6a5510ef624f8f468131d3447e9) Importer(815301076,1909f56bfc062723c751e8b465ee728b)  -> (artifact id: 'd8cc0bba9fe283b592f44af6b0bb020f') in 0.009869 seconds
  Import took 0.013298 seconds .

========================================================================
Received Import Request.
  Time since last request: 0.000217 seconds.
  path: Assets/Oculus/SampleFramework/Usage/SharedAssets/Skyboxes/Sky_01/Skybox01.mat
  artifactKey: Guid(8314ffe855e0e45b0a2fdbbdfe2010ea) Importer(815301076,1909f56bfc062723c751e8b465ee728b)
Start importing Assets/Oculus/SampleFramework/Usage/SharedAssets/Skyboxes/Sky_01/Skybox01.mat using Guid(8314ffe855e0e45b0a2fdbbdfe2010ea) Importer(815301076,1909f56bfc062723c751e8b465ee728b)  -> (artifact id: '39d75230ad02cf70aa121ffea541f64f') in 0.023395 seconds
  Import took 0.027877 seconds .

========================================================================
Received Import Request.
  Time since last request: 0.000236 seconds.
  path: Assets/dvrk/Meshes/Materials/red.mat
  artifactKey: Guid(6942d6a5510ef624f8f468131d3447e9) Importer(815301076,1909f56bfc062723c751e8b465ee728b)
Start importing Assets/dvrk/Meshes/Materials/red.mat using Guid(6942d6a5510ef624f8f468131d3447e9) Importer(815301076,1909f56bfc062723c751e8b465ee728b)  -> (artifact id: 'd8cc0bba9fe283b592f44af6b0bb020f') in 0.009089 seconds
  Import took 0.013461 seconds .

========================================================================
Received Import Request.
  Time since last request: 0.090291 seconds.
  path: Assets/Oculus/SampleFramework/Core/TouchControllers/Materials/R_controller_DIF.mat
  artifactKey: Guid(7842888294a7e0e4ea4d15e9f8eb2650) Importer(815301076,1909f56bfc062723c751e8b465ee728b)
Start importing Assets/Oculus/SampleFramework/Core/TouchControllers/Materials/R_controller_DIF.mat using Guid(7842888294a7e0e4ea4d15e9f8eb2650) Importer(815301076,1909f56bfc062723c751e8b465ee728b)  -> (artifact id: '697965b75b8ede3d0839788038aed1ec') in 0.117908 seconds
  Import took 0.123047 seconds .

========================================================================
Received Import Request.
  Time since last request: 0.000293 seconds.
  path: Assets/Oculus/VR/Materials/PlainMaterial.mat
  artifactKey: Guid(26cadeeaa29498d4889f43542f3add58) Importer(815301076,1909f56bfc062723c751e8b465ee728b)
Start importing Assets/Oculus/VR/Materials/PlainMaterial.mat using Guid(26cadeeaa29498d4889f43542f3add58) Importer(815301076,1909f56bfc062723c751e8b465ee728b)  -> (artifact id: 'ef2f365dd35cef097c1f016e7682f02a') in 0.008053 seconds
  Import took 0.011643 seconds .

========================================================================
Received Import Request.
  Time since last request: 0.000365 seconds.
  path: Assets/Oculus/SampleFramework/Usage/OVROverlay/Materials/OverlayDynamicTexture.mat
  artifactKey: Guid(5365fc7c3d82d4343b1591d8ea4bd539) Importer(815301076,1909f56bfc062723c751e8b465ee728b)
Start importing Assets/Oculus/SampleFramework/Usage/OVROverlay/Materials/OverlayDynamicTexture.mat using Guid(5365fc7c3d82d4343b1591d8ea4bd539) Importer(815301076,1909f56bfc062723c751e8b465ee728b)  -> (artifact id: 'd95fd9698f835db5a5b00af9b2f00e5a') in 0.011146 seconds
  Import took 0.016811 seconds .

========================================================================
Received Import Request.
  Time since last request: 0.000257 seconds.
  path: Assets/dvrk/Meshes/psm/Materials/psm_base-SWMaterial-0.mat
  artifactKey: Guid(c2601487b6275d44880788906ed8aa12) Importer(815301076,1909f56bfc062723c751e8b465ee728b)
Start importing Assets/dvrk/Meshes/psm/Materials/psm_base-SWMaterial-0.mat using Guid(c2601487b6275d44880788906ed8aa12) Importer(815301076,1909f56bfc062723c751e8b465ee728b)  -> (artifact id: '201c6d44b1943a1a6752e45ab725cdef') in 0.010102 seconds
  Import took 0.014372 seconds .

========================================================================
Received Import Request.
  Time since last request: 0.000323 seconds.
  path: Assets/Oculus/SampleFramework/Usage/HandsTrainExample/Materials/PropMaterial.mat
  artifactKey: Guid(38890965fd4d8414facf4aebde878c8b) Importer(815301076,1909f56bfc062723c751e8b465ee728b)
Start importing Assets/Oculus/SampleFramework/Usage/HandsTrainExample/Materials/PropMaterial.mat using Guid(38890965fd4d8414facf4aebde878c8b) Importer(815301076,1909f56bfc062723c751e8b465ee728b)  -> (artifact id: '8720dc6d1f8d04002d7e69604dce3589') in 0.018321 seconds
  Import took 0.024325 seconds .

========================================================================
Received Import Request.
  Time since last request: 0.000369 seconds.
  path: Assets/Oculus/LipSync/Models/FemaleHead_Morph/Materials/outerEyeShell.mat
  artifactKey: Guid(76f25b997543f432bbe00737485b392e) Importer(815301076,1909f56bfc062723c751e8b465ee728b)
Start importing Assets/Oculus/LipSync/Models/FemaleHead_Morph/Materials/outerEyeShell.mat using Guid(76f25b997543f432bbe00737485b392e) Importer(815301076,1909f56bfc062723c751e8b465ee728b)  -> (artifact id: 'cf564c709a771023f121521cca083636') in 0.025074 seconds
  Import took 0.028937 seconds .

========================================================================
Received Import Request.
  Time since last request: 0.000370 seconds.
  path: Assets/Oculus/SampleFramework/Core/HandsInteraction/Materials/PokeMaterial.mat
  artifactKey: Guid(4f7fe89ad7fd14a4a9a5ebc776621cef) Importer(815301076,1909f56bfc062723c751e8b465ee728b)
Start importing Assets/Oculus/SampleFramework/Core/HandsInteraction/Materials/PokeMaterial.mat using Guid(4f7fe89ad7fd14a4a9a5ebc776621cef) Importer(815301076,1909f56bfc062723c751e8b465ee728b)  -> (artifact id: '517ebc1ba1d6a6985a30e22734ce9f5c') in 0.008679 seconds
  Import took 0.013775 seconds .

========================================================================
Received Import Request.
  Time since last request: 0.000265 seconds.
  path: Assets/Oculus/Avatar/Samples/SocialStarter/Assets/Materials/Plane_Mat.mat
  artifactKey: Guid(c466b89bb972b8a42bd266c102f8f2cb) Importer(815301076,1909f56bfc062723c751e8b465ee728b)
Start importing Assets/Oculus/Avatar/Samples/SocialStarter/Assets/Materials/Plane_Mat.mat using Guid(c466b89bb972b8a42bd266c102f8f2cb) Importer(815301076,1909f56bfc062723c751e8b465ee728b)  -> (artifact id: 'eacfda6d7df20d9f6d02b7aaabf49ec3') in 0.009954 seconds
  Import took 0.014744 seconds .

========================================================================
Received Import Request.
  Time since last request: 0.128148 seconds.
  path: Assets/dvrk/Meshes/psm/Materials/outer_pitch_top-SWMaterial-0.mat
  artifactKey: Guid(63c2027fa1c85ed42b57922d8830a065) Importer(815301076,1909f56bfc062723c751e8b465ee728b)
Start importing Assets/dvrk/Meshes/psm/Materials/outer_pitch_top-SWMaterial-0.mat using Guid(63c2027fa1c85ed42b57922d8830a065) Importer(815301076,1909f56bfc062723c751e8b465ee728b)  -> (artifact id: '39acffadede7dbaf5c2e23d73558b5c5') in 0.010986 seconds
  Import took 0.017506 seconds .

========================================================================
Received Import Request.
  Time since last request: 0.000304 seconds.
  path: Assets/dvrk/Meshes/psm/Materials/outer_pitch_front-SWMaterial-0.mat
  artifactKey: Guid(c83fcf02b6feee4478d44f994e45cadf) Importer(815301076,1909f56bfc062723c751e8b465ee728b)
Start importing Assets/dvrk/Meshes/psm/Materials/outer_pitch_front-SWMaterial-0.mat using Guid(c83fcf02b6feee4478d44f994e45cadf) Importer(815301076,1909f56bfc062723c751e8b465ee728b)  -> (artifact id: '059c7838a213fbdf5762870036a21ee8') in 0.007844 seconds
  Import took 0.011690 seconds .

========================================================================
Received Import Request.
  Time since last request: 0.000272 seconds.
  path: Assets/dvrk/Meshes/psm/Materials/outer_pitch_bottom-SWMaterial-0.mat
  artifactKey: Guid(a371711acfc7b9e4abd45a550f7e58cf) Importer(815301076,1909f56bfc062723c751e8b465ee728b)
Start importing Assets/dvrk/Meshes/psm/Materials/outer_pitch_bottom-SWMaterial-0.mat using Guid(a371711acfc7b9e4abd45a550f7e58cf) Importer(815301076,1909f56bfc062723c751e8b465ee728b)  -> (artifact id: '45397607770a88de2c9030e36dd1a804') in 0.010893 seconds
  Import took 0.015173 seconds .

========================================================================
Received Import Request.
  Time since last request: 0.000396 seconds.
  path: Assets/dvrk/Meshes/psm/Materials/outer_yaw-SWMaterial-0.mat
  artifactKey: Guid(e55aa0535a1aa3241997535efb9602f6) Importer(815301076,1909f56bfc062723c751e8b465ee728b)
Start importing Assets/dvrk/Meshes/psm/Materials/outer_yaw-SWMaterial-0.mat using Guid(e55aa0535a1aa3241997535efb9602f6) Importer(815301076,1909f56bfc062723c751e8b465ee728b)  -> (artifact id: '0f93c54bfe03dc8e93393ea0a750cb91') in 0.008308 seconds
  Import took 0.012968 seconds .

========================================================================
Received Import Request.
  Time since last request: 0.015260 seconds.
  path: Assets/dvrk/Meshes/psm/Materials/outer_insertion-SWMaterial-0.mat
  artifactKey: Guid(5a0c513f5f3954c499496ac1e55d7a58) Importer(815301076,1909f56bfc062723c751e8b465ee728b)
Start importing Assets/dvrk/Meshes/psm/Materials/outer_insertion-SWMaterial-0.mat using Guid(5a0c513f5f3954c499496ac1e55d7a58) Importer(815301076,1909f56bfc062723c751e8b465ee728b)  -> (artifact id: '3794b87a3ec9ecb2ae227585e99dc080') in 0.009274 seconds
  Import took 0.015146 seconds .

========================================================================
Received Import Request.
  Time since last request: 0.000436 seconds.
  path: Assets/dvrk/Meshes/psm/Materials/outer_pitch_back-SWMaterial-0.mat
  artifactKey: Guid(d4c0002ca925ea244baff8223189230c) Importer(815301076,1909f56bfc062723c751e8b465ee728b)
Start importing Assets/dvrk/Meshes/psm/Materials/outer_pitch_back-SWMaterial-0.mat using Guid(d4c0002ca925ea244baff8223189230c) Importer(815301076,1909f56bfc062723c751e8b465ee728b)  -> (artifact id: 'dbfa43801cca7afd79b5033acee441ed') in 0.014505 seconds
  Import took 0.018511 seconds .

========================================================================
Received Import Request.
  Time since last request: 0.000288 seconds.
  path: Assets/dvrk/Meshes/psm/Materials/outer_insertion-SWMaterial-2.mat
  artifactKey: Guid(f343711fd0ec0f14ab50b9964cc95a4a) Importer(815301076,1909f56bfc062723c751e8b465ee728b)
Start importing Assets/dvrk/Meshes/psm/Materials/outer_insertion-SWMaterial-2.mat using Guid(f343711fd0ec0f14ab50b9964cc95a4a) Importer(815301076,1909f56bfc062723c751e8b465ee728b)  -> (artifact id: 'adbb3eaf6ab57676475ea108525115c8') in 0.008326 seconds
  Import took 0.013426 seconds .

========================================================================
Received Import Request.
  Time since last request: 0.000339 seconds.
  path: Assets/Oculus/VR/Meshes/OculusTouchForQuestAndRiftS/Materials/OculusTouchForQuestAndRiftS_Material.mat
  artifactKey: Guid(01ac879f6ce09924e9c26663f798beaf) Importer(815301076,1909f56bfc062723c751e8b465ee728b)
Start importing Assets/Oculus/VR/Meshes/OculusTouchForQuestAndRiftS/Materials/OculusTouchForQuestAndRiftS_Material.mat using Guid(01ac879f6ce09924e9c26663f798beaf) Importer(815301076,1909f56bfc062723c751e8b465ee728b)  -> (artifact id: '45055bc70a3f24a29206c0a11d706a0c') in 0.023851 seconds
  Import took 0.027809 seconds .

========================================================================
Received Import Request.
  Time since last request: 0.000325 seconds.
  path: Assets/Oculus/VR/Meshes/OculusTouchForQuest2/Materials/OculusTouchForQuest2_Right.mat
  artifactKey: Guid(0cd3ed1aad0963f4a8819e086ec6909f) Importer(815301076,1909f56bfc062723c751e8b465ee728b)
Start importing Assets/Oculus/VR/Meshes/OculusTouchForQuest2/Materials/OculusTouchForQuest2_Right.mat using Guid(0cd3ed1aad0963f4a8819e086ec6909f) Importer(815301076,1909f56bfc062723c751e8b465ee728b)  -> (artifact id: 'd9939d0fb499f47f5f4a209d235c7e7d') in 0.027249 seconds
  Import took 0.032330 seconds .

========================================================================
Received Import Request.
  Time since last request: 0.000523 seconds.
  path: Assets/Oculus/VR/Meshes/OculusTouchForRift/Materials/OculusTouchForRift_Material.mat
  artifactKey: Guid(eacafe280fdfa6a44845c135057ae6a5) Importer(815301076,1909f56bfc062723c751e8b465ee728b)
Start importing Assets/Oculus/VR/Meshes/OculusTouchForRift/Materials/OculusTouchForRift_Material.mat using Guid(eacafe280fdfa6a44845c135057ae6a5) Importer(815301076,1909f56bfc062723c751e8b465ee728b)  -> (artifact id: '5d4e2cc6c7ba604daaa8a594e353d60d') in 0.016936 seconds
  Import took 0.025068 seconds .

========================================================================
Received Import Request.
  Time since last request: 0.000394 seconds.
  path: Assets/Oculus/Avatar/Samples/SocialStarter/Assets/Materials/Offline_Mat.mat
  artifactKey: Guid(296de5be1228bf34380061dd6e6b0f49) Importer(815301076,1909f56bfc062723c751e8b465ee728b)
Start importing Assets/Oculus/Avatar/Samples/SocialStarter/Assets/Materials/Offline_Mat.mat using Guid(296de5be1228bf34380061dd6e6b0f49) Importer(815301076,1909f56bfc062723c751e8b465ee728b)  -> (artifact id: '3eca08f24c7c5ab9df0e702d8a6f0136') in 0.011349 seconds
  Import took 0.015511 seconds .

========================================================================
Received Import Request.
  Time since last request: 0.000323 seconds.
  path: Assets/dvrk/Meshes/psm/Materials/outer_insertion-SWMaterial-1.mat
  artifactKey: Guid(f483a33d77175074994bcab25f1c1e8b) Importer(815301076,1909f56bfc062723c751e8b465ee728b)
Start importing Assets/dvrk/Meshes/psm/Materials/outer_insertion-SWMaterial-1.mat using Guid(f483a33d77175074994bcab25f1c1e8b) Importer(815301076,1909f56bfc062723c751e8b465ee728b)  -> (artifact id: 'f9d5db1083c070a13aa811f4be7f236d') in 0.012122 seconds
  Import took 0.016461 seconds .

========================================================================
Received Import Request.
  Time since last request: 0.000477 seconds.
  path: Assets/Oculus/Avatar/Samples/SocialStarter/Assets/Materials/Offline_Mat.mat
  artifactKey: Guid(296de5be1228bf34380061dd6e6b0f49) Importer(815301076,1909f56bfc062723c751e8b465ee728b)
Start importing Assets/Oculus/Avatar/Samples/SocialStarter/Assets/Materials/Offline_Mat.mat using Guid(296de5be1228bf34380061dd6e6b0f49) Importer(815301076,1909f56bfc062723c751e8b465ee728b)  -> (artifact id: '3eca08f24c7c5ab9df0e702d8a6f0136') in 0.009153 seconds
  Import took 0.014083 seconds .

========================================================================
Received Import Request.
  Time since last request: 0.567601 seconds.
  path: Assets/Oculus/VR/Meshes/OculusTouchForQuest2/Materials/OculusTouchForQuest2_Left.mat
  artifactKey: Guid(9ec1bc286fd619a4684490e761da7545) Importer(815301076,1909f56bfc062723c751e8b465ee728b)
Start importing Assets/Oculus/VR/Meshes/OculusTouchForQuest2/Materials/OculusTouchForQuest2_Left.mat using Guid(9ec1bc286fd619a4684490e761da7545) Importer(815301076,1909f56bfc062723c751e8b465ee728b)  -> (artifact id: 'cfbce607fa853df717e39694e6e8554b') in 0.011360 seconds
  Import took 0.016996 seconds .

========================================================================
Received Import Request.
  Time since last request: 0.000282 seconds.
  path: Assets/dvrk/Meshes/ecm/Materials/No Name.mat
  artifactKey: Guid(a18a90e47b1c8dd4b878fcb0cef637dc) Importer(815301076,1909f56bfc062723c751e8b465ee728b)
Start importing Assets/dvrk/Meshes/ecm/Materials/No Name.mat using Guid(a18a90e47b1c8dd4b878fcb0cef637dc) Importer(815301076,1909f56bfc062723c751e8b465ee728b)  -> (artifact id: 'ac3d927074337810b1560c5909b411d7') in 0.009026 seconds
  Import took 0.013966 seconds .

========================================================================
Received Import Request.
  Time since last request: 0.000311 seconds.
  path: Assets/Oculus/VR/Meshes/OculusTouchForQuest2/Materials/OculusTouchForQuest2_Left.mat
  artifactKey: Guid(9ec1bc286fd619a4684490e761da7545) Importer(815301076,1909f56bfc062723c751e8b465ee728b)
Start importing Assets/Oculus/VR/Meshes/OculusTouchForQuest2/Materials/OculusTouchForQuest2_Left.mat using Guid(9ec1bc286fd619a4684490e761da7545) Importer(815301076,1909f56bfc062723c751e8b465ee728b)  -> (artifact id: 'cfbce607fa853df717e39694e6e8554b') in 0.009889 seconds
  Import took 0.014359 seconds .

========================================================================
Received Import Request.
  Time since last request: 0.063392 seconds.
  path: Assets/dvrk/Meshes/mtm/Materials/Material_001.mat
  artifactKey: Guid(6395c2136c7f2154fbcf9dfdfb591ff7) Importer(815301076,1909f56bfc062723c751e8b465ee728b)
Start importing Assets/dvrk/Meshes/mtm/Materials/Material_001.mat using Guid(6395c2136c7f2154fbcf9dfdfb591ff7) Importer(815301076,1909f56bfc062723c751e8b465ee728b)  -> (artifact id: '76052682cec8050de06f0a26ec09b9de') in 0.011271 seconds
  Import took 0.017816 seconds .

========================================================================
Received Import Request.
  Time since last request: 0.000304 seconds.
  path: Assets/Oculus/LipSync/Models/FemaleHead_Morph/Materials/melinda_DIFF.mat
  artifactKey: Guid(86f9b987d4a6d4a41986a028f9da9e14) Importer(815301076,1909f56bfc062723c751e8b465ee728b)
Start importing Assets/Oculus/LipSync/Models/FemaleHead_Morph/Materials/melinda_DIFF.mat using Guid(86f9b987d4a6d4a41986a028f9da9e14) Importer(815301076,1909f56bfc062723c751e8b465ee728b)  -> (artifact id: '8189ca67a6f7e4de498b66a41679ab62') in 0.018506 seconds
  Import took 0.022496 seconds .

========================================================================
Received Import Request.
  Time since last request: 0.000458 seconds.
  path: Assets/Oculus/SampleFramework/Core/Locomotion/Materials/MeterGrid.mat
  artifactKey: Guid(912cbad78358a1d48b357480224f4ad9) Importer(815301076,1909f56bfc062723c751e8b465ee728b)
Start importing Assets/Oculus/SampleFramework/Core/Locomotion/Materials/MeterGrid.mat using Guid(912cbad78358a1d48b357480224f4ad9) Importer(815301076,1909f56bfc062723c751e8b465ee728b)  -> (artifact id: 'e33f56130af552640c1eda3837214676') in 0.008997 seconds
  Import took 0.013607 seconds .

========================================================================
Received Import Request.
  Time since last request: 0.000337 seconds.
  path: Assets/Oculus/SampleFramework/Core/Video/Materials/MovieTexture.mat
  artifactKey: Guid(0a1063314b03a02488a3ef840b635489) Importer(815301076,1909f56bfc062723c751e8b465ee728b)
Start importing Assets/Oculus/SampleFramework/Core/Video/Materials/MovieTexture.mat using Guid(0a1063314b03a02488a3ef840b635489) Importer(815301076,1909f56bfc062723c751e8b465ee728b)  -> (artifact id: '79bc2511da0cf5da99cc9b9d8aaac21a') in 0.010182 seconds
  Import took 0.014773 seconds .

========================================================================
Received Import Request.
  Time since last request: 0.000218 seconds.
  path: Assets/Oculus/SampleFramework/Usage/Locomotion/Materials/MeterGrid.mat
  artifactKey: Guid(a5c6952c6ccf162468792012aec09a00) Importer(815301076,1909f56bfc062723c751e8b465ee728b)
Start importing Assets/Oculus/SampleFramework/Usage/Locomotion/Materials/MeterGrid.mat using Guid(a5c6952c6ccf162468792012aec09a00) Importer(815301076,1909f56bfc062723c751e8b465ee728b)  -> (artifact id: '1da76b1c5e197b118805e8aec99b914e') in 0.007407 seconds
  Import took 0.011052 seconds .

========================================================================
Received Import Request.
  Time since last request: 0.000198 seconds.
  path: Assets/dvrk/Meshes/psm/Materials/No Name.mat
  artifactKey: Guid(77af66ad2fec5544289c53c4a7a77f5c) Importer(815301076,1909f56bfc062723c751e8b465ee728b)
Start importing Assets/dvrk/Meshes/psm/Materials/No Name.mat using Guid(77af66ad2fec5544289c53c4a7a77f5c) Importer(815301076,1909f56bfc062723c751e8b465ee728b)  -> (artifact id: '17310030532f4d95af291dbfc5369a7d') in 0.006901 seconds
  Import took 0.010651 seconds .

========================================================================
Received Import Request.
  Time since last request: 0.408502 seconds.
  path: Assets/Oculus/SampleFramework/Usage/DistanceGrab/Materials/MAT_watergun_01.mat
  artifactKey: Guid(b72f20b13269b4be29ec790ecc04a34b) Importer(815301076,1909f56bfc062723c751e8b465ee728b)
Start importing Assets/Oculus/SampleFramework/Usage/DistanceGrab/Materials/MAT_watergun_01.mat using Guid(b72f20b13269b4be29ec790ecc04a34b) Importer(815301076,1909f56bfc062723c751e8b465ee728b)  -> (artifact id: '7a8ca3f83b4eaf6d9a6e827cb3b6e46c') in 0.009391 seconds
  Import took 0.014538 seconds .

========================================================================
Received Import Request.
  Time since last request: 0.000394 seconds.
  path: Assets/Oculus/SampleFramework/Usage/DistanceGrab/Materials/MAT_watergun_black.mat
  artifactKey: Guid(5241aafd0a8b14f2e8f9fbc6439cff9b) Importer(815301076,1909f56bfc062723c751e8b465ee728b)
Start importing Assets/Oculus/SampleFramework/Usage/DistanceGrab/Materials/MAT_watergun_black.mat using Guid(5241aafd0a8b14f2e8f9fbc6439cff9b) Importer(815301076,1909f56bfc062723c751e8b465ee728b)  -> (artifact id: 'db7f1c16d7bfaf0ad990311330b44723') in 0.007558 seconds
  Import took 0.011353 seconds .

========================================================================
Received Import Request.
  Time since last request: 0.124598 seconds.
  path: Assets/Oculus/SampleFramework/Usage/Locomotion/Materials/MAT_floor_wood_02.mat
  artifactKey: Guid(c5de2de29649946caa67f57a9825cfd6) Importer(815301076,1909f56bfc062723c751e8b465ee728b)
Start importing Assets/Oculus/SampleFramework/Usage/Locomotion/Materials/MAT_floor_wood_02.mat using Guid(c5de2de29649946caa67f57a9825cfd6) Importer(815301076,1909f56bfc062723c751e8b465ee728b)  -> (artifact id: 'b765cf5125a022b833b57f89c98798d4') in 0.027668 seconds
  Import took 0.033341 seconds .

========================================================================
Received Import Request.
  Time since last request: 0.000684 seconds.
  path: Assets/Oculus/SampleFramework/Usage/SharedAssets/Materials/MAT_room_atlas_02.mat
  artifactKey: Guid(ceac5ee61756b458c8653efdc49480ec) Importer(815301076,1909f56bfc062723c751e8b465ee728b)
Start importing Assets/Oculus/SampleFramework/Usage/SharedAssets/Materials/MAT_room_atlas_02.mat using Guid(ceac5ee61756b458c8653efdc49480ec) Importer(815301076,1909f56bfc062723c751e8b465ee728b)  -> (artifact id: 'b18bda15bbd47596ad2d21c698d3a937') in 0.015388 seconds
  Import took 0.020939 seconds .

========================================================================
Received Import Request.
  Time since last request: 0.000495 seconds.
  path: Assets/Oculus/SampleFramework/Usage/SharedAssets/Materials/MAT_room_atlas_01.mat
  artifactKey: Guid(c06f24316d5a9416686642a56431ea32) Importer(815301076,1909f56bfc062723c751e8b465ee728b)
Start importing Assets/Oculus/SampleFramework/Usage/SharedAssets/Materials/MAT_room_atlas_01.mat using Guid(c06f24316d5a9416686642a56431ea32) Importer(815301076,1909f56bfc062723c751e8b465ee728b)  -> (artifact id: '56a04b0ce04efe16199101df15018e27') in 0.013847 seconds
  Import took 0.019023 seconds .

========================================================================
Received Import Request.
  Time since last request: 0.000268 seconds.
  path: Assets/Oculus/SampleFramework/Usage/Locomotion/Materials/MAT_grid_01_dark.mat
  artifactKey: Guid(e3444642a1d1346ba8683c66e1272378) Importer(815301076,1909f56bfc062723c751e8b465ee728b)
Start importing Assets/Oculus/SampleFramework/Usage/Locomotion/Materials/MAT_grid_01_dark.mat using Guid(e3444642a1d1346ba8683c66e1272378) Importer(815301076,1909f56bfc062723c751e8b465ee728b)  -> (artifact id: 'cc0541c0a93a9b9d9907c11aab0f67c8') in 0.015185 seconds
  Import took 0.019585 seconds .

========================================================================
Received Import Request.
  Time since last request: 0.000409 seconds.
  path: Assets/Oculus/SampleFramework/Usage/Locomotion/Materials/MAT_grid_01_light.mat
  artifactKey: Guid(1c0889e6c85aa489ca9303bf392110ed) Importer(815301076,1909f56bfc062723c751e8b465ee728b)
Start importing Assets/Oculus/SampleFramework/Usage/Locomotion/Materials/MAT_grid_01_light.mat using Guid(1c0889e6c85aa489ca9303bf392110ed) Importer(815301076,1909f56bfc062723c751e8b465ee728b)  -> (artifact id: 'bec9abe55eb3f302b55c23879ea32faf') in 0.013420 seconds
  Import took 0.018267 seconds .

========================================================================
Received Import Request.
  Time since last request: 0.000338 seconds.
  path: Assets/Oculus/SampleFramework/Usage/Locomotion/Materials/MAT_metal_01.mat
  artifactKey: Guid(6fa48c2a126d0d74e8bb671b62e8cb1b) Importer(815301076,1909f56bfc062723c751e8b465ee728b)
Start importing Assets/Oculus/SampleFramework/Usage/Locomotion/Materials/MAT_metal_01.mat using Guid(6fa48c2a126d0d74e8bb671b62e8cb1b) Importer(815301076,1909f56bfc062723c751e8b465ee728b)  -> (artifact id: 'dcea36b938fae273c70d1c91913e833c') in 0.027750 seconds
  Import took 0.032231 seconds .

========================================================================
Received Import Request.
  Time since last request: 0.000378 seconds.
  path: Assets/Oculus/SampleFramework/Usage/Locomotion/Materials/MAT_grid_01_light.mat
  artifactKey: Guid(1c0889e6c85aa489ca9303bf392110ed) Importer(815301076,1909f56bfc062723c751e8b465ee728b)
Start importing Assets/Oculus/SampleFramework/Usage/Locomotion/Materials/MAT_grid_01_light.mat using Guid(1c0889e6c85aa489ca9303bf392110ed) Importer(815301076,1909f56bfc062723c751e8b465ee728b)  -> (artifact id: 'bec9abe55eb3f302b55c23879ea32faf') in 0.013907 seconds
  Import took 0.022326 seconds .

========================================================================
Received Import Request.
  Time since last request: 0.129147 seconds.
  path: Assets/Oculus/SampleFramework/Usage/Locomotion/Materials/MAT_floor_tile_01.mat
  artifactKey: Guid(5c3d5738fa2d6483bb8a2af0a6f50a66) Importer(815301076,1909f56bfc062723c751e8b465ee728b)
Start importing Assets/Oculus/SampleFramework/Usage/Locomotion/Materials/MAT_floor_tile_01.mat using Guid(5c3d5738fa2d6483bb8a2af0a6f50a66) Importer(815301076,1909f56bfc062723c751e8b465ee728b)  -> (artifact id: 'eee2b1fd36a1143c25ba1f75633db694') in 0.023250 seconds
  Import took 0.027634 seconds .

========================================================================
Received Import Request.
  Time since last request: 0.000261 seconds.
  path: Assets/Oculus/SampleFramework/Usage/Locomotion/Materials/MAT_floor_wood_01.mat
  artifactKey: Guid(5d1946ce7cee747e6aa39a6ea4350e11) Importer(815301076,1909f56bfc062723c751e8b465ee728b)
Start importing Assets/Oculus/SampleFramework/Usage/Locomotion/Materials/MAT_floor_wood_01.mat using Guid(5d1946ce7cee747e6aa39a6ea4350e11) Importer(815301076,1909f56bfc062723c751e8b465ee728b)  -> (artifact id: '27df35d4d6dae43a45e56674b1dc588e') in 0.025694 seconds
  Import took 0.030345 seconds .

========================================================================
Received Import Request.
  Time since last request: 0.049425 seconds.
  path: Assets/dvrk/Meshes/psm/snake_tool/Materials/link_4-No Name.mat
  artifactKey: Guid(f99d988fc99f38f4d97c1539fd71749c) Importer(815301076,1909f56bfc062723c751e8b465ee728b)
Start importing Assets/dvrk/Meshes/psm/snake_tool/Materials/link_4-No Name.mat using Guid(f99d988fc99f38f4d97c1539fd71749c) Importer(815301076,1909f56bfc062723c751e8b465ee728b)  -> (artifact id: '0e875ae64de163153518152b56a074a5') in 0.009680 seconds
  Import took 0.014568 seconds .

========================================================================
Received Import Request.
  Time since last request: 0.000289 seconds.
  path: Assets/Oculus/SampleFramework/Usage/Locomotion/Materials/MAT_cinderblock_01.mat
  artifactKey: Guid(02c684a5a201b40a4a0418558d9512d1) Importer(815301076,1909f56bfc062723c751e8b465ee728b)
Start importing Assets/Oculus/SampleFramework/Usage/Locomotion/Materials/MAT_cinderblock_01.mat using Guid(02c684a5a201b40a4a0418558d9512d1) Importer(815301076,1909f56bfc062723c751e8b465ee728b)  -> (artifact id: 'f6c0ea0b3412ce1fa617a182aa61f7b3') in 0.027756 seconds
  Import took 0.033104 seconds .

========================================================================
Received Import Request.
  Time since last request: 0.000378 seconds.
  path: Assets/Oculus/SampleFramework/Usage/Locomotion/Materials/MAT_concrete_01.mat
  artifactKey: Guid(b825d518262c2453b9c06573f9b21658) Importer(815301076,1909f56bfc062723c751e8b465ee728b)
Start importing Assets/Oculus/SampleFramework/Usage/Locomotion/Materials/MAT_concrete_01.mat using Guid(b825d518262c2453b9c06573f9b21658) Importer(815301076,1909f56bfc062723c751e8b465ee728b)  -> (artifact id: '4aad3f2731c16e0c28b6eed414cf4506') in 0.025325 seconds
  Import took 0.029245 seconds .

========================================================================
Received Import Request.
  Time since last request: 0.000401 seconds.
  path: Assets/Oculus/SampleFramework/Usage/Locomotion/Materials/MAT_brick_01.mat
  artifactKey: Guid(eded406ac811741c5a8a5142b2043467) Importer(815301076,1909f56bfc062723c751e8b465ee728b)
Start importing Assets/Oculus/SampleFramework/Usage/Locomotion/Materials/MAT_brick_01.mat using Guid(eded406ac811741c5a8a5142b2043467) Importer(815301076,1909f56bfc062723c751e8b465ee728b)  -> (artifact id: '777a556968af4cbc178f10e49aa3ece2') in 0.027560 seconds
  Import took 0.032547 seconds .

========================================================================
Received Import Request.
  Time since last request: 0.000318 seconds.
  path: Assets/dvrk/Meshes/psm/snake_tool/Materials/link_2-No Name.mat
  artifactKey: Guid(76b8b55360b01c742a3cc3f86cadf035) Importer(815301076,1909f56bfc062723c751e8b465ee728b)
Start importing Assets/dvrk/Meshes/psm/snake_tool/Materials/link_2-No Name.mat using Guid(76b8b55360b01c742a3cc3f86cadf035) Importer(815301076,1909f56bfc062723c751e8b465ee728b)  -> (artifact id: '83e46baee927c2f9ea640929d10b74c4') in 0.009162 seconds
  Import took 0.013582 seconds .

========================================================================
Received Import Request.
  Time since last request: 0.000293 seconds.
  path: Assets/dvrk/Meshes/psm/snake_tool/Materials/link_3-No Name.mat
  artifactKey: Guid(a8811aadb9551014abf7a3ceb62004f9) Importer(815301076,1909f56bfc062723c751e8b465ee728b)
Start importing Assets/dvrk/Meshes/psm/snake_tool/Materials/link_3-No Name.mat using Guid(a8811aadb9551014abf7a3ceb62004f9) Importer(815301076,1909f56bfc062723c751e8b465ee728b)  -> (artifact id: 'da9f4dced7ad07cbb327040d9fbd3715') in 0.009993 seconds
  Import took 0.013928 seconds .

========================================================================
Received Import Request.
  Time since last request: 0.000371 seconds.
  path: Assets/dvrk/Meshes/psm/snake_tool/Materials/link_0-No Name.mat
  artifactKey: Guid(989c6f63eb3ac4d46b04d09367844ed1) Importer(815301076,1909f56bfc062723c751e8b465ee728b)
Start importing Assets/dvrk/Meshes/psm/snake_tool/Materials/link_0-No Name.mat using Guid(989c6f63eb3ac4d46b04d09367844ed1) Importer(815301076,1909f56bfc062723c751e8b465ee728b)  -> (artifact id: '7a0f8decffaa07e85218563bbb3de928') in 0.009619 seconds
  Import took 0.014080 seconds .

========================================================================
Received Import Request.
  Time since last request: 0.000295 seconds.
  path: Assets/dvrk/Meshes/psm/snake_tool/Materials/link_1-No Name.mat
  artifactKey: Guid(faf2b3053b0879749a3d380c7ffcdc47) Importer(815301076,1909f56bfc062723c751e8b465ee728b)
Start importing Assets/dvrk/Meshes/psm/snake_tool/Materials/link_1-No Name.mat using Guid(faf2b3053b0879749a3d380c7ffcdc47) Importer(815301076,1909f56bfc062723c751e8b465ee728b)  -> (artifact id: '8ba7fa6afabf5c3df2bbdb8e9611afb9') in 0.008176 seconds
  Import took 0.013047 seconds .

========================================================================
Received Prepare
Registering precompiled user dll's ...
Registered in 0.007765 seconds.
Begin MonoManager ReloadAssembly
Native extension for WindowsStandalone target not found
Refreshing native plugins compatible for Editor in 0.93 ms, found 7 plugins.
Preloading 1 native plugins for Editor in 0.08 ms.
Invoked RoslynAnalysisRunner static constructor.
RoslynAnalysisRunner will not be running.
RoslynAnalysisRunner has terminated.
Mono: successfully reloaded assembly
- Completed reload, in  1.024 seconds
Platform modules already initialized, skipping
Shader 'Oculus/OVRMRCameraFrameLit': fallback shader 'Alpha-Diffuse' not found
Refreshing native plugins compatible for Editor in 0.92 ms, found 7 plugins.
Preloading 1 native plugins for Editor in 0.08 ms.
Unloading 2309 Unused Serialized files (Serialized files now loaded: 0)
System memory in use before: 109.0 MB.
System memory in use after: 109.2 MB.

Unloading 50 unused Assets to reduce memory usage. Loaded Objects now: 2872.
Total: 3.101700 ms (FindLiveObjects: 0.643500 ms CreateObjectMapping: 0.293300 ms MarkObjects: 2.102900 ms  DeleteObjects: 0.060500 ms)

========================================================================
Received Prepare
Registering precompiled user dll's ...
Registered in 0.016777 seconds.
Begin MonoManager ReloadAssembly
Native extension for WindowsStandalone target not found
Refreshing native plugins compatible for Editor in 1.47 ms, found 7 plugins.
Preloading 1 native plugins for Editor in 0.10 ms.
Invoked RoslynAnalysisRunner static constructor.
RoslynAnalysisRunner will not be running.
RoslynAnalysisRunner has terminated.
Mono: successfully reloaded assembly
- Completed reload, in  0.996 seconds
Platform modules already initialized, skipping
Shader 'Oculus/OVRMRCameraFrameLit': fallback shader 'Alpha-Diffuse' not found
Refreshing native plugins compatible for Editor in 0.91 ms, found 7 plugins.
Preloading 1 native plugins for Editor in 0.07 ms.
Unloading 2309 Unused Serialized files (Serialized files now loaded: 0)
System memory in use before: 110.0 MB.
System memory in use after: 110.2 MB.

Unloading 50 unused Assets to reduce memory usage. Loaded Objects now: 2875.
Total: 3.322100 ms (FindLiveObjects: 0.563900 ms CreateObjectMapping: 0.261000 ms MarkObjects: 2.464400 ms  DeleteObjects: 0.031300 ms)

========================================================================
Received Prepare
Registering precompiled user dll's ...
Registered in 0.008096 seconds.
Begin MonoManager ReloadAssembly
Native extension for WindowsStandalone target not found
Refreshing native plugins compatible for Editor in 1.21 ms, found 7 plugins.
Preloading 1 native plugins for Editor in 0.11 ms.
Invoked RoslynAnalysisRunner static constructor.
RoslynAnalysisRunner will not be running.
RoslynAnalysisRunner has terminated.
Mono: successfully reloaded assembly
- Completed reload, in  0.957 seconds
Platform modules already initialized, skipping
Shader 'Oculus/OVRMRCameraFrameLit': fallback shader 'Alpha-Diffuse' not found
Refreshing native plugins compatible for Editor in 0.92 ms, found 7 plugins.
Preloading 1 native plugins for Editor in 0.09 ms.
Unloading 2309 Unused Serialized files (Serialized files now loaded: 0)
System memory in use before: 110.0 MB.
System memory in use after: 110.3 MB.

Unloading 50 unused Assets to reduce memory usage. Loaded Objects now: 2878.
Total: 3.338500 ms (FindLiveObjects: 0.297500 ms CreateObjectMapping: 0.134800 ms MarkObjects: 2.873200 ms  DeleteObjects: 0.032000 ms)

========================================================================
Received Prepare
Registering precompiled user dll's ...
Registered in 0.007248 seconds.
Begin MonoManager ReloadAssembly
Native extension for WindowsStandalone target not found
Refreshing native plugins compatible for Editor in 1.13 ms, found 7 plugins.
Preloading 1 native plugins for Editor in 0.10 ms.
Invoked RoslynAnalysisRunner static constructor.
RoslynAnalysisRunner will not be running.
RoslynAnalysisRunner has terminated.
Mono: successfully reloaded assembly
- Completed reload, in  0.943 seconds
Platform modules already initialized, skipping
Shader 'Oculus/OVRMRCameraFrameLit': fallback shader 'Alpha-Diffuse' not found
Refreshing native plugins compatible for Editor in 0.98 ms, found 7 plugins.
Preloading 1 native plugins for Editor in 0.07 ms.
Unloading 2309 Unused Serialized files (Serialized files now loaded: 0)
System memory in use before: 110.1 MB.
System memory in use after: 110.3 MB.

Unloading 50 unused Assets to reduce memory usage. Loaded Objects now: 2881.
Total: 5.079800 ms (FindLiveObjects: 0.804500 ms CreateObjectMapping: 0.366200 ms MarkObjects: 3.867600 ms  DeleteObjects: 0.040400 ms)

========================================================================
Received Prepare
Registering precompiled user dll's ...
Registered in 0.007700 seconds.
Begin MonoManager ReloadAssembly
Native extension for WindowsStandalone target not found
Refreshing native plugins compatible for Editor in 0.87 ms, found 7 plugins.
Preloading 1 native plugins for Editor in 0.08 ms.
Invoked RoslynAnalysisRunner static constructor.
RoslynAnalysisRunner will not be running.
RoslynAnalysisRunner has terminated.
Mono: successfully reloaded assembly
- Completed reload, in  0.902 seconds
Platform modules already initialized, skipping
Shader 'Oculus/OVRMRCameraFrameLit': fallback shader 'Alpha-Diffuse' not found
Refreshing native plugins compatible for Editor in 0.93 ms, found 7 plugins.
Preloading 1 native plugins for Editor in 0.08 ms.
Unloading 2309 Unused Serialized files (Serialized files now loaded: 0)
System memory in use before: 110.0 MB.
System memory in use after: 110.2 MB.

Unloading 50 unused Assets to reduce memory usage. Loaded Objects now: 2884.
Total: 1.953000 ms (FindLiveObjects: 0.333500 ms CreateObjectMapping: 0.134600 ms MarkObjects: 1.459100 ms  DeleteObjects: 0.024900 ms)

========================================================================
Received Prepare
Registering precompiled user dll's ...
Registered in 0.008134 seconds.
Begin MonoManager ReloadAssembly
Native extension for WindowsStandalone target not found
Refreshing native plugins compatible for Editor in 0.80 ms, found 7 plugins.
Preloading 1 native plugins for Editor in 0.08 ms.
Invoked RoslynAnalysisRunner static constructor.
RoslynAnalysisRunner will not be running.
RoslynAnalysisRunner has terminated.
Mono: successfully reloaded assembly
- Completed reload, in  0.925 seconds
Platform modules already initialized, skipping
Shader 'Oculus/OVRMRCameraFrameLit': fallback shader 'Alpha-Diffuse' not found
Refreshing native plugins compatible for Editor in 0.94 ms, found 7 plugins.
Preloading 1 native plugins for Editor in 0.07 ms.
Unloading 2309 Unused Serialized files (Serialized files now loaded: 0)
System memory in use before: 110.1 MB.
System memory in use after: 110.3 MB.

Unloading 50 unused Assets to reduce memory usage. Loaded Objects now: 2887.
Total: 2.835200 ms (FindLiveObjects: 0.301000 ms CreateObjectMapping: 0.138700 ms MarkObjects: 2.325600 ms  DeleteObjects: 0.068200 ms)

========================================================================
Received Prepare
Registering precompiled user dll's ...
Registered in 0.007951 seconds.
Begin MonoManager ReloadAssembly
Native extension for WindowsStandalone target not found
Refreshing native plugins compatible for Editor in 1.16 ms, found 7 plugins.
Preloading 1 native plugins for Editor in 0.10 ms.
Invoked RoslynAnalysisRunner static constructor.
RoslynAnalysisRunner will not be running.
RoslynAnalysisRunner has terminated.
Mono: successfully reloaded assembly
- Completed reload, in  1.142 seconds
Platform modules already initialized, skipping
Shader 'Oculus/OVRMRCameraFrameLit': fallback shader 'Alpha-Diffuse' not found
Refreshing native plugins compatible for Editor in 0.83 ms, found 7 plugins.
Preloading 1 native plugins for Editor in 0.07 ms.
Unloading 2309 Unused Serialized files (Serialized files now loaded: 0)
System memory in use before: 110.1 MB.
System memory in use after: 110.4 MB.

Unloading 50 unused Assets to reduce memory usage. Loaded Objects now: 2890.
Total: 2.189600 ms (FindLiveObjects: 0.314100 ms CreateObjectMapping: 0.125500 ms MarkObjects: 1.722200 ms  DeleteObjects: 0.027100 ms)

========================================================================
Received Prepare
Registering precompiled user dll's ...
Registered in 0.008167 seconds.
Begin MonoManager ReloadAssembly
Native extension for WindowsStandalone target not found
Refreshing native plugins compatible for Editor in 0.77 ms, found 7 plugins.
Preloading 1 native plugins for Editor in 0.11 ms.
Invoked RoslynAnalysisRunner static constructor.
RoslynAnalysisRunner will not be running.
RoslynAnalysisRunner has terminated.
Mono: successfully reloaded assembly
- Completed reload, in  0.868 seconds
Platform modules already initialized, skipping
Shader 'Oculus/OVRMRCameraFrameLit': fallback shader 'Alpha-Diffuse' not found
Refreshing native plugins compatible for Editor in 1.38 ms, found 7 plugins.
Preloading 1 native plugins for Editor in 0.09 ms.
Unloading 2309 Unused Serialized files (Serialized files now loaded: 0)
System memory in use before: 110.1 MB.
System memory in use after: 110.4 MB.

Unloading 50 unused Assets to reduce memory usage. Loaded Objects now: 2893.
Total: 2.305900 ms (FindLiveObjects: 0.444100 ms CreateObjectMapping: 0.185000 ms MarkObjects: 1.648600 ms  DeleteObjects: 0.027100 ms)

========================================================================
Received Prepare
Registering precompiled user dll's ...
Registered in 0.008388 seconds.
Begin MonoManager ReloadAssembly
Native extension for WindowsStandalone target not found
Refreshing native plugins compatible for Editor in 0.94 ms, found 7 plugins.
Preloading 1 native plugins for Editor in 0.08 ms.
Invoked RoslynAnalysisRunner static constructor.
RoslynAnalysisRunner will not be running.
RoslynAnalysisRunner has terminated.
Mono: successfully reloaded assembly
- Completed reload, in  0.901 seconds
Platform modules already initialized, skipping
Shader 'Oculus/OVRMRCameraFrameLit': fallback shader 'Alpha-Diffuse' not found
Refreshing native plugins compatible for Editor in 1.37 ms, found 7 plugins.
Preloading 1 native plugins for Editor in 0.08 ms.
Unloading 2309 Unused Serialized files (Serialized files now loaded: 0)
System memory in use before: 110.2 MB.
System memory in use after: 110.4 MB.

Unloading 50 unused Assets to reduce memory usage. Loaded Objects now: 2896.
Total: 2.210600 ms (FindLiveObjects: 0.352000 ms CreateObjectMapping: 0.127800 ms MarkObjects: 1.705100 ms  DeleteObjects: 0.024000 ms)

========================================================================
Received Prepare
Registering precompiled user dll's ...
Registered in 0.031758 seconds.
Begin MonoManager ReloadAssembly
Native extension for WindowsStandalone target not found
Refreshing native plugins compatible for Editor in 1.06 ms, found 7 plugins.
Preloading 1 native plugins for Editor in 0.10 ms.
Invoked RoslynAnalysisRunner static constructor.
RoslynAnalysisRunner will not be running.
RoslynAnalysisRunner has terminated.
Mono: successfully reloaded assembly
- Completed reload, in  1.902 seconds
Platform modules already initialized, skipping
Shader 'Oculus/OVRMRCameraFrameLit': fallback shader 'Alpha-Diffuse' not found
Refreshing native plugins compatible for Editor in 1.36 ms, found 7 plugins.
Preloading 1 native plugins for Editor in 0.11 ms.
Unloading 2309 Unused Serialized files (Serialized files now loaded: 0)
System memory in use before: 110.1 MB.
System memory in use after: 110.3 MB.

Unloading 50 unused Assets to reduce memory usage. Loaded Objects now: 2899.
Total: 9.676500 ms (FindLiveObjects: 0.734300 ms CreateObjectMapping: 0.491600 ms MarkObjects: 8.076100 ms  DeleteObjects: 0.370000 ms)

========================================================================
Received Prepare
Registering precompiled user dll's ...
Registered in 0.018152 seconds.
Begin MonoManager ReloadAssembly
Native extension for WindowsStandalone target not found
Refreshing native plugins compatible for Editor in 1.37 ms, found 7 plugins.
Preloading 1 native plugins for Editor in 0.10 ms.
Invoked RoslynAnalysisRunner static constructor.
RoslynAnalysisRunner will not be running.
RoslynAnalysisRunner has terminated.
Mono: successfully reloaded assembly
- Completed reload, in  1.095 seconds
Platform modules already initialized, skipping
Shader 'Oculus/OVRMRCameraFrameLit': fallback shader 'Alpha-Diffuse' not found
Refreshing native plugins compatible for Editor in 1.54 ms, found 7 plugins.
Preloading 1 native plugins for Editor in 0.11 ms.
Unloading 2309 Unused Serialized files (Serialized files now loaded: 0)
System memory in use before: 110.2 MB.
System memory in use after: 110.4 MB.

Unloading 50 unused Assets to reduce memory usage. Loaded Objects now: 2902.
Total: 4.136900 ms (FindLiveObjects: 1.198200 ms CreateObjectMapping: 0.714400 ms MarkObjects: 2.170000 ms  DeleteObjects: 0.052500 ms)

========================================================================
Received Prepare
Registering precompiled user dll's ...
Registered in 0.010334 seconds.
Begin MonoManager ReloadAssembly
Native extension for WindowsStandalone target not found
Refreshing native plugins compatible for Editor in 1.68 ms, found 7 plugins.
Preloading 1 native plugins for Editor in 0.24 ms.
Invoked RoslynAnalysisRunner static constructor.
RoslynAnalysisRunner will not be running.
RoslynAnalysisRunner has terminated.
Mono: successfully reloaded assembly
- Completed reload, in  1.600 seconds
Platform modules already initialized, skipping
Shader 'Oculus/OVRMRCameraFrameLit': fallback shader 'Alpha-Diffuse' not found
Refreshing native plugins compatible for Editor in 2.51 ms, found 7 plugins.
Preloading 1 native plugins for Editor in 0.12 ms.
Unloading 2309 Unused Serialized files (Serialized files now loaded: 0)
System memory in use before: 110.2 MB.
System memory in use after: 110.4 MB.

Unloading 50 unused Assets to reduce memory usage. Loaded Objects now: 2905.
Total: 6.958500 ms (FindLiveObjects: 2.108200 ms CreateObjectMapping: 0.520700 ms MarkObjects: 4.233900 ms  DeleteObjects: 0.091700 ms)

========================================================================
Received Prepare
Registering precompiled user dll's ...
Registered in 0.009300 seconds.
Begin MonoManager ReloadAssembly
Native extension for WindowsStandalone target not found
Refreshing native plugins compatible for Editor in 2.58 ms, found 7 plugins.
Preloading 1 native plugins for Editor in 0.18 ms.
Invoked RoslynAnalysisRunner static constructor.
RoslynAnalysisRunner will not be running.
RoslynAnalysisRunner has terminated.
Mono: successfully reloaded assembly
- Completed reload, in  1.587 seconds
Platform modules already initialized, skipping
Shader 'Oculus/OVRMRCameraFrameLit': fallback shader 'Alpha-Diffuse' not found
Refreshing native plugins compatible for Editor in 2.38 ms, found 7 plugins.
Preloading 1 native plugins for Editor in 0.26 ms.
Unloading 2309 Unused Serialized files (Serialized files now loaded: 0)
System memory in use before: 110.2 MB.
System memory in use after: 110.4 MB.

Unloading 50 unused Assets to reduce memory usage. Loaded Objects now: 2908.
Total: 8.076000 ms (FindLiveObjects: 1.661900 ms CreateObjectMapping: 0.759100 ms MarkObjects: 5.563600 ms  DeleteObjects: 0.079100 ms)

AssetImportWorkerClient::OnTransportError - code=2 error=End of file
